[0925/210703.000:ERROR:process_reader_win.cc(242)] ReadMemory at 0x76eb0000 of 64 bytes failed: Запрос ReadProcessMemory или WriteProcessMemory был выполнен только частично. (0x12B)
[0925/210703.504:WARNING:pe_image_reader.cc(281)] could not read dos header from C:\Windows\SYSTEM32\ntdll.dll
[0925/210703.504:ERROR:process_reader_win.cc(242)] ReadMemory at 0x7fefd3c0000 of 64 bytes failed: Запрос ReadProcessMemory или WriteProcessMemory был выполнен только частично. (0x12B)
[0925/210703.504:WARNING:pe_image_reader.cc(281)] could not read dos header from C:\Windows\system32\KERNELBASE.dll
[0925/210703.504:ERROR:process_reader_win.cc(242)] ReadMemory at 0x76c90000 of 64 bytes failed: Запрос ReadProcessMemory или WriteProcessMemory был выполнен только частично. (0x12B)
[0925/210703.504:WARNING:pe_image_reader.cc(281)] could not read dos header from C:\Windows\system32\kernel32.dll
[0925/210703.504:ERROR:process_reader_win.cc(242)] ReadMemory at 0x7fefec50000 of 64 bytes failed: Запрос ReadProcessMemory или WriteProcessMemory был выполнен только частично. (0x12B)
[0925/210703.505:WARNING:pe_image_reader.cc(281)] could not read dos header from C:\Windows\system32\msvcrt.dll
[0925/210703.505:ERROR:process_reader_win.cc(242)] ReadMemory at 0x7fefc420000 of 64 bytes failed: Запрос ReadProcessMemory или WriteProcessMemory был выполнен только частично. (0x12B)
[0925/210703.505:WARNING:pe_image_reader.cc(281)] could not read dos header from C:\Windows\system32\VERSION.dll
[0925/210703.505:ERROR:process_reader_win.cc(242)] ReadMemory at 0x7feee680000 of 64 bytes failed: Запрос ReadProcessMemory или WriteProcessMemory был выполнен только частично. (0x12B)
[0925/210703.505:WARNING:pe_image_reader.cc(281)] could not read dos header from C:\Program Files (x86)\Google\Chrome\Application\61.0.3163.100\chrome_elf.dll
[0925/210703.505:ERROR:process_reader_win.cc(242)] ReadMemory at 0x7fefe570000 of 64 bytes failed: Запрос ReadProcessMemory или WriteProcessMemory был выполнен только частично. (0x12B)
[0925/210703.505:WARNING:pe_image_reader.cc(281)] could not read dos header from C:\Windows\system32\RPCRT4.dll
[0925/210703.505:ERROR:process_reader_win.cc(242)] ReadMemory at 0x7fefec30000 of 64 bytes failed: Запрос ReadProcessMemory или WriteProcessMemory был выполнен только частично. (0x12B)
[0925/210703.505:WARNING:pe_image_reader.cc(281)] could not read dos header from C:\Windows\SYSTEM32\sechost.dll
[0925/210703.505:ERROR:process_reader_win.cc(242)] ReadMemory at 0x7fefe920000 of 64 bytes failed: Запрос ReadProcessMemory или WriteProcessMemory был выполнен только частично. (0x12B)
[0925/210703.505:WARNING:pe_image_reader.cc(281)] could not read dos header from C:\Windows\system32\ADVAPI32.dll
[0925/210703.505:ERROR:process_reader_win.cc(242)] ReadMemory at 0x77070000 of 64 bytes failed: Запрос ReadProcessMemory или WriteProcessMemory был выполнен только частично. (0x12B)
[0925/210703.505:WARNING:pe_image_reader.cc(281)] could not read dos header from C:\Windows\system32\PSAPI.DLL
[0925/210703.505:ERROR:process_reader_win.cc(242)] ReadMemory at 0x5e0000 of 64 bytes failed: Запрос ReadProcessMemory или WriteProcessMemory был выполнен только частично. (0x12B)
[0925/210703.505:WARNING:pe_image_reader.cc(281)] could not read dos header from C:\Windows\system32\USER32.dll
[0925/210703.505:ERROR:process_reader_win.cc(242)] ReadMemory at 0x7feff000000 of 64 bytes failed: Запрос ReadProcessMemory или WriteProcessMemory был выполнен только частично. (0x12B)
[0925/210703.505:WARNING:pe_image_reader.cc(281)] could not read dos header from C:\Windows\system32\USP10.dll
[0925/210703.505:ERROR:process_reader_win.cc(242)] ReadMemory at 0x7fefeff0000 of 64 bytes failed: Запрос ReadProcessMemory или WriteProcessMemory был выполнен только частично. (0x12B)
[0925/210703.505:WARNING:pe_image_reader.cc(281)] could not read dos header from C:\Windows\system32\LPK.dll
[0925/210703.505:ERROR:process_reader_win.cc(242)] ReadMemory at 0x7feff150000 of 64 bytes failed: Запрос ReadProcessMemory или WriteProcessMemory был выполнен только частично. (0x12B)
[0925/210703.505:WARNING:pe_image_reader.cc(281)] could not read dos header from C:\Windows\system32\GDI32.dll
[0925/210703.505:ERROR:process_reader_win.cc(242)] ReadMemory at 0x7fefe770000 of 64 bytes failed: Запрос ReadProcessMemory или WriteProcessMemory был выполнен только частично. (0x12B)
[0925/210703.505:WARNING:pe_image_reader.cc(281)] could not read dos header from C:\Windows\system32\SHLWAPI.dll
[0925/210703.505:ERROR:process_reader_win.cc(242)] ReadMemory at 0x7fefd780000 of 64 bytes failed: Запрос ReadProcessMemory или WriteProcessMemory был выполнен только частично. (0x12B)
[0925/210703.505:WARNING:pe_image_reader.cc(281)] could not read dos header from C:\Windows\system32\SHELL32.dll
[0925/210703.505:ERROR:process_reader_win.cc(242)] ReadMemory at 0x7fef74d0000 of 64 bytes failed: Запрос ReadProcessMemory или WriteProcessMemory был выполнен только частично. (0x12B)
[0925/210703.505:WARNING:pe_image_reader.cc(281)] could not read dos header from C:\Windows\system32\WINMM.dll
[0925/210703.505:ERROR:process_reader_win.cc(242)] ReadMemory at 0x7fefd310000 of 64 bytes failed: Запрос ReadProcessMemory или WriteProcessMemory был выполнен только частично. (0x12B)
[0925/210703.505:WARNING:pe_image_reader.cc(281)] could not read dos header from C:\Windows\system32\profapi.dll
[0925/210703.505:ERROR:process_reader_win.cc(242)] ReadMemory at 0x7fefc650000 of 64 bytes failed: Запрос ReadProcessMemory или WriteProcessMemory был выполнен только частично. (0x12B)
[0925/210703.505:WARNING:pe_image_reader.cc(281)] could not read dos header from C:\Windows\system32\USERENV.dll
[0925/210703.505:ERROR:process_reader_win.cc(242)] ReadMemory at 0x7fef6020000 of 64 bytes failed: Запрос ReadProcessMemory или WriteProcessMemory был выполнен только частично. (0x12B)
[0925/210703.505:WARNING:pe_image_reader.cc(281)] could not read dos header from C:\Windows\system32\webio.dll
[0925/210703.506:ERROR:process_reader_win.cc(242)] ReadMemory at 0x7fef6090000 of 64 bytes failed: Запрос ReadProcessMemory или WriteProcessMemory был выполнен только частично. (0x12B)
[0925/210703.506:WARNING:pe_image_reader.cc(281)] could not read dos header from C:\Windows\system32\WINHTTP.dll
[0925/210703.506:ERROR:process_reader_win.cc(242)] ReadMemory at 0x7fefb0f0000 of 64 bytes failed: Запрос ReadProcessMemory или WriteProcessMemory был выполнен только частично. (0x12B)
[0925/210703.506:WARNING:pe_image_reader.cc(281)] could not read dos header from C:\Windows\system32\api-ms-win-core-synch-l1-2-0.DLL
[0925/210703.506:ERROR:process_reader_win.cc(242)] ReadMemory at 0x7fefeee0000 of 64 bytes failed: Запрос ReadProcessMemory или WriteProcessMemory был выполнен только частично. (0x12B)
[0925/210703.506:WARNING:pe_image_reader.cc(281)] could not read dos header from C:\Windows\system32\MSCTF.dll
[0925/210703.506:ERROR:process_reader_win.cc(242)] ReadMemory at 0x7fefe740000 of 64 bytes failed: Запрос ReadProcessMemory или WriteProcessMemory был выполнен только частично. (0x12B)
[0925/210703.506:WARNING:pe_image_reader.cc(281)] could not read dos header from C:\Windows\system32\IMM32.DLL
[0925/210703.506:ERROR:process_reader_win.cc(242)] ReadMemory at 0x7fefea20000 of 64 bytes failed: Запрос ReadProcessMemory или WriteProcessMemory был выполнен только частично. (0x12B)
[0925/210703.506:WARNING:pe_image_reader.cc(281)] could not read dos header from C:\Windows\system32\ole32.dll
[0925/210703.506:ERROR:process_reader_win.cc(242)] ReadMemory at 0x7fefe840000 of 64 bytes failed: Запрос ReadProcessMemory или WriteProcessMemory был выполнен только частично. (0x12B)
[0925/210703.506:WARNING:pe_image_reader.cc(281)] could not read dos header from C:\Windows\system32\OLEAUT32.dll
[0925/210703.506:ERROR:process_reader_win.cc(242)] ReadMemory at 0x7fefeed0000 of 64 bytes failed: Запрос ReadProcessMemory или WriteProcessMemory был выполнен только частично. (0x12B)
[0925/210703.506:WARNING:pe_image_reader.cc(281)] could not read dos header from C:\Windows\system32\NSI.dll
[0925/210703.506:ERROR:process_reader_win.cc(242)] ReadMemory at 0x7fefe7f0000 of 64 bytes failed: Запрос ReadProcessMemory или WriteProcessMemory был выполнен только частично. (0x12B)
[0925/210703.732:WARNING:pe_image_reader.cc(281)] could not read dos header from C:\Windows\system32\WS2_32.dll
[0925/210703.732:ERROR:process_reader_win.cc(242)] ReadMemory at 0x7fefd3b0000 of 64 bytes failed: Запрос ReadProcessMemory или WriteProcessMemory был выполнен только частично. (0x12B)
[0925/210703.732:WARNING:pe_image_reader.cc(281)] could not read dos header from C:\Windows\system32\MSASN1.dll
[0925/210703.732:ERROR:process_reader_win.cc(242)] ReadMemory at 0x7fefd450000 of 64 bytes failed: Запрос ReadProcessMemory или WriteProcessMemory был выполнен только частично. (0x12B)
[0925/210703.732:WARNING:pe_image_reader.cc(281)] could not read dos header from C:\Windows\system32\CRYPT32.dll
[0925/210703.732:ERROR:process_reader_win.cc(242)] ReadMemory at 0x7fefd6a0000 of 64 bytes failed: Запрос ReadProcessMemory или WriteProcessMemory был выполнен только частично. (0x12B)
[0925/210703.732:WARNING:pe_image_reader.cc(281)] could not read dos header from C:\Windows\system32\WINTRUST.dll
[0925/210703.732:ERROR:process_reader_win.cc(242)] ReadMemory at 0x7fefbf30000 of 64 bytes failed: Запрос ReadProcessMemory или WriteProcessMemory был выполнен только частично. (0x12B)
[0925/210703.732:WARNING:pe_image_reader.cc(281)] could not read dos header from C:\Windows\WinSxS\amd64_microsoft.windows.common-controls_6595b64144ccf1df_6.0.7601.17514_none_fa396087175ac9ac\COMCTL32.dll
[0925/210703.732:ERROR:process_reader_win.cc(242)] ReadMemory at 0x7fefd6e0000 of 64 bytes failed: Запрос ReadProcessMemory или WriteProcessMemory был выполнен только частично. (0x12B)
[0925/210703.733:WARNING:pe_image_reader.cc(281)] could not read dos header from C:\Windows\system32\COMDLG32.dll
[0925/210703.733:ERROR:process_reader_win.cc(242)] ReadMemory at 0x7fef6240000 of 64 bytes failed: Запрос ReadProcessMemory или WriteProcessMemory был выполнен только частично. (0x12B)
[0925/210703.733:WARNING:pe_image_reader.cc(281)] could not read dos header from C:\Windows\system32\dbghelp.dll
[0925/210703.733:ERROR:process_reader_win.cc(242)] ReadMemory at 0x7fef81a0000 of 64 bytes failed: Запрос ReadProcessMemory или WriteProcessMemory был выполнен только частично. (0x12B)
[0925/210703.733:WARNING:pe_image_reader.cc(281)] could not read dos header from C:\Windows\system32\WINSPOOL.DRV
[0925/210703.733:ERROR:process_reader_win.cc(242)] ReadMemory at 0x7fefabe0000 of 64 bytes failed: Запрос ReadProcessMemory или WriteProcessMemory был выполнен только частично. (0x12B)
[0925/210703.734:WARNING:pe_image_reader.cc(281)] could not read dos header from C:\Windows\system32\WINNSI.DLL
[0925/210703.734:ERROR:process_reader_win.cc(242)] ReadMemory at 0x7fefabf0000 of 64 bytes failed: Запрос ReadProcessMemory или WriteProcessMemory был выполнен только частично. (0x12B)
[0925/210703.734:WARNING:pe_image_reader.cc(281)] could not read dos header from C:\Windows\system32\IPHLPAPI.DLL
[0925/210703.735:ERROR:process_reader_win.cc(242)] ReadMemory at 0x7fefd150000 of 64 bytes failed: Запрос ReadProcessMemory или WriteProcessMemory был выполнен только частично. (0x12B)
[0925/210703.735:WARNING:pe_image_reader.cc(281)] could not read dos header from C:\Windows\system32\Secur32.dll
[0925/210703.735:ERROR:process_reader_win.cc(242)] ReadMemory at 0x7fefd1b0000 of 64 bytes failed: Запрос ReadProcessMemory или WriteProcessMemory был выполнен только частично. (0x12B)
[0925/210703.735:WARNING:pe_image_reader.cc(281)] could not read dos header from C:\Windows\system32\SSPICLI.DLL
[0925/210703.735:ERROR:process_reader_win.cc(242)] ReadMemory at 0x76a80000 of 64 bytes failed: Запрос ReadProcessMemory или WriteProcessMemory был выполнен только частично. (0x12B)
[0925/210703.735:WARNING:pe_image_reader.cc(281)] could not read dos header from C:\Windows\system32\iertutil.dll
[0925/210703.736:ERROR:process_reader_win.cc(242)] ReadMemory at 0x77080000 of 64 bytes failed: Запрос ReadProcessMemory или WriteProcessMemory был выполнен только частично. (0x12B)
[0925/210703.736:WARNING:pe_image_reader.cc(281)] could not read dos header from C:\Windows\system32\Normaliz.dll
[0925/210703.736:ERROR:process_reader_win.cc(242)] ReadMemory at 0x76920000 of 64 bytes failed: Запрос ReadProcessMemory или WriteProcessMemory был выполнен только частично. (0x12B)
[0925/210703.736:WARNING:pe_image_reader.cc(281)] could not read dos header from C:\Windows\system32\WININET.dll
[0925/210703.737:ERROR:process_reader_win.cc(242)] ReadMemory at 0x767d0000 of 64 bytes failed: Запрос ReadProcessMemory или WriteProcessMemory был выполнен только частично. (0x12B)
[0925/210703.737:WARNING:pe_image_reader.cc(281)] could not read dos header from C:\Windows\system32\urlmon.dll
[0925/210703.737:ERROR:process_reader_win.cc(242)] ReadMemory at 0x7fef7220000 of 64 bytes failed: Запрос ReadProcessMemory или WriteProcessMemory был выполнен только частично. (0x12B)
[0925/210703.738:WARNING:pe_image_reader.cc(281)] could not read dos header from C:\Windows\system32\DWrite.dll
[0925/210703.738:ERROR:process_reader_win.cc(242)] ReadMemory at 0x7fee5fd0000 of 64 bytes failed: Запрос ReadProcessMemory или WriteProcessMemory был выполнен только частично. (0x12B)
[0925/210703.738:WARNING:pe_image_reader.cc(281)] could not read dos header from C:\Program Files (x86)\Google\Chrome\Application\61.0.3163.100\chrome_child.dll
[0925/210703.738:ERROR:process_reader_win.cc(242)] ReadMemory at 0x7fefd240000 of 64 bytes failed: Запрос ReadProcessMemory или WriteProcessMemory был выполнен только частично. (0x12B)
[0925/210703.739:WARNING:pe_image_reader.cc(281)] could not read dos header from C:\Windows\system32\cryptbase.dll
[0925/210703.825:ERROR:process_reader_win.cc(242)] ReadMemory at 0x13f1f0000 of 64 bytes failed: Запрос ReadProcessMemory или WriteProcessMemory был выполнен только частично. (0x12B)
[0925/210703.825:WARNING:pe_image_reader.cc(281)] could not read dos header from C:\Program Files (x86)\Google\Chrome\Application\chrome.exe
[0925/210703.825:ERROR:process_reader_win.cc(242)] ReadMemory at 0x76eb0000 of 64 bytes failed: Запрос ReadProcessMemory или WriteProcessMemory был выполнен только частично. (0x12B)
[0925/210703.825:WARNING:pe_image_reader.cc(281)] could not read dos header from C:\Windows\SYSTEM32\ntdll.dll
[0925/210703.825:ERROR:process_reader_win.cc(242)] ReadMemory at 0x7fefd3c0000 of 64 bytes failed: Запрос ReadProcessMemory или WriteProcessMemory был выполнен только частично. (0x12B)
[0925/210703.825:WARNING:pe_image_reader.cc(281)] could not read dos header from C:\Windows\system32\KERNELBASE.dll
[0925/210703.825:ERROR:process_reader_win.cc(242)] ReadMemory at 0x76c90000 of 64 bytes failed: Запрос ReadProcessMemory или WriteProcessMemory был выполнен только частично. (0x12B)
[0925/210703.825:WARNING:pe_image_reader.cc(281)] could not read dos header from C:\Windows\system32\kernel32.dll
[0925/210703.825:ERROR:process_reader_win.cc(242)] ReadMemory at 0x7fefec50000 of 64 bytes failed: Запрос ReadProcessMemory или WriteProcessMemory был выполнен только частично. (0x12B)
[0925/210703.825:WARNING:pe_image_reader.cc(281)] could not read dos header from C:\Windows\system32\msvcrt.dll
[0925/210703.825:ERROR:process_reader_win.cc(242)] ReadMemory at 0x7fefc420000 of 64 bytes failed: Запрос ReadProcessMemory или WriteProcessMemory был выполнен только частично. (0x12B)
[0925/210703.825:WARNING:pe_image_reader.cc(281)] could not read dos header from C:\Windows\system32\VERSION.dll
[0925/210703.825:ERROR:process_reader_win.cc(242)] ReadMemory at 0x7feee680000 of 64 bytes failed: Запрос ReadProcessMemory или WriteProcessMemory был выполнен только частично. (0x12B)
[0925/210703.825:WARNING:pe_image_reader.cc(281)] could not read dos header from C:\Program Files (x86)\Google\Chrome\Application\61.0.3163.100\chrome_elf.dll
[0925/210703.825:ERROR:process_reader_win.cc(242)] ReadMemory at 0x7fefe570000 of 64 bytes failed: Запрос ReadProcessMemory или WriteProcessMemory был выполнен только частично. (0x12B)
[0925/210703.825:WARNING:pe_image_reader.cc(281)] could not read dos header from C:\Windows\system32\RPCRT4.dll
[0925/210703.825:ERROR:process_reader_win.cc(242)] ReadMemory at 0x7fefec30000 of 64 bytes failed: Запрос ReadProcessMemory или WriteProcessMemory был выполнен только частично. (0x12B)
[0925/210703.826:WARNING:pe_image_reader.cc(281)] could not read dos header from C:\Windows\SYSTEM32\sechost.dll
[0925/210703.826:ERROR:process_reader_win.cc(242)] ReadMemory at 0x7fefe920000 of 64 bytes failed: Запрос ReadProcessMemory или WriteProcessMemory был выполнен только частично. (0x12B)
[0925/210703.826:WARNING:pe_image_reader.cc(281)] could not read dos header from C:\Windows\system32\ADVAPI32.dll
[0925/210703.826:ERROR:process_reader_win.cc(242)] ReadMemory at 0x77070000 of 64 bytes failed: Запрос ReadProcessMemory или WriteProcessMemory был выполнен только частично. (0x12B)
[0925/210703.826:WARNING:pe_image_reader.cc(281)] could not read dos header from C:\Windows\system32\PSAPI.DLL
[0925/210703.826:ERROR:process_reader_win.cc(242)] ReadMemory at 0x5e0000 of 64 bytes failed: Запрос ReadProcessMemory или WriteProcessMemory был выполнен только частично. (0x12B)
[0925/210703.826:WARNING:pe_image_reader.cc(281)] could not read dos header from C:\Windows\system32\USER32.dll
[0925/210703.826:ERROR:process_reader_win.cc(242)] ReadMemory at 0x7feff000000 of 64 bytes failed: Запрос ReadProcessMemory или WriteProcessMemory был выполнен только частично. (0x12B)
[0925/210703.826:WARNING:pe_image_reader.cc(281)] could not read dos header from C:\Windows\system32\USP10.dll
[0925/210703.826:ERROR:process_reader_win.cc(242)] ReadMemory at 0x7fefeff0000 of 64 bytes failed: Запрос ReadProcessMemory или WriteProcessMemory был выполнен только частично. (0x12B)
[0925/210703.826:WARNING:pe_image_reader.cc(281)] could not read dos header from C:\Windows\system32\LPK.dll
[0925/210703.826:ERROR:process_reader_win.cc(242)] ReadMemory at 0x7feff150000 of 64 bytes failed: Запрос ReadProcessMemory или WriteProcessMemory был выполнен только частично. (0x12B)
[0925/210703.826:WARNING:pe_image_reader.cc(281)] could not read dos header from C:\Windows\system32\GDI32.dll
[0925/210703.826:ERROR:process_reader_win.cc(242)] ReadMemory at 0x7fefe770000 of 64 bytes failed: Запрос ReadProcessMemory или WriteProcessMemory был выполнен только частично. (0x12B)
[0925/210703.826:WARNING:pe_image_reader.cc(281)] could not read dos header from C:\Windows\system32\SHLWAPI.dll
[0925/210703.826:ERROR:process_reader_win.cc(242)] ReadMemory at 0x7fefd780000 of 64 bytes failed: Запрос ReadProcessMemory или WriteProcessMemory был выполнен только частично. (0x12B)
[0925/210703.826:WARNING:pe_image_reader.cc(281)] could not read dos header from C:\Windows\system32\SHELL32.dll
[0925/210703.826:ERROR:process_reader_win.cc(242)] ReadMemory at 0x7fef74d0000 of 64 bytes failed: Запрос ReadProcessMemory или WriteProcessMemory был выполнен только частично. (0x12B)
[0925/210703.826:WARNING:pe_image_reader.cc(281)] could not read dos header from C:\Windows\system32\WINMM.dll
[0925/210703.826:ERROR:process_reader_win.cc(242)] ReadMemory at 0x7fefd310000 of 64 bytes failed: Запрос ReadProcessMemory или WriteProcessMemory был выполнен только частично. (0x12B)
[0925/210703.826:WARNING:pe_image_reader.cc(281)] could not read dos header from C:\Windows\system32\profapi.dll
[0925/210703.826:ERROR:process_reader_win.cc(242)] ReadMemory at 0x7fefc650000 of 64 bytes failed: Запрос ReadProcessMemory или WriteProcessMemory был выполнен только частично. (0x12B)
[0925/210703.826:WARNING:pe_image_reader.cc(281)] could not read dos header from C:\Windows\system32\USERENV.dll
[0925/210703.826:ERROR:process_reader_win.cc(242)] ReadMemory at 0x7fef6020000 of 64 bytes failed: Запрос ReadProcessMemory или WriteProcessMemory был выполнен только частично. (0x12B)
[0925/210703.826:WARNING:pe_image_reader.cc(281)] could not read dos header from C:\Windows\system32\webio.dll
[0925/210703.826:ERROR:process_reader_win.cc(242)] ReadMemory at 0x7fef6090000 of 64 bytes failed: Запрос ReadProcessMemory или WriteProcessMemory был выполнен только частично. (0x12B)
[0925/210703.826:WARNING:pe_image_reader.cc(281)] could not read dos header from C:\Windows\system32\WINHTTP.dll
[0925/210703.826:ERROR:process_reader_win.cc(242)] ReadMemory at 0x7fefb0f0000 of 64 bytes failed: Запрос ReadProcessMemory или WriteProcessMemory был выполнен только частично. (0x12B)
[0925/210703.826:WARNING:pe_image_reader.cc(281)] could not read dos header from C:\Windows\system32\api-ms-win-core-synch-l1-2-0.DLL
[0925/210703.826:ERROR:process_reader_win.cc(242)] ReadMemory at 0x7fefeee0000 of 64 bytes failed: Запрос ReadProcessMemory или WriteProcessMemory был выполнен только частично. (0x12B)
[0925/210703.826:WARNING:pe_image_reader.cc(281)] could not read dos header from C:\Windows\system32\MSCTF.dll
[0925/210703.826:ERROR:process_reader_win.cc(242)] ReadMemory at 0x7fefe740000 of 64 bytes failed: Запрос ReadProcessMemory или WriteProcessMemory был выполнен только частично. (0x12B)
[0925/210703.826:WARNING:pe_image_reader.cc(281)] could not read dos header from C:\Windows\system32\IMM32.DLL
[0925/210703.827:ERROR:process_reader_win.cc(242)] ReadMemory at 0x7fefea20000 of 64 bytes failed: Запрос ReadProcessMemory или WriteProcessMemory был выполнен только частично. (0x12B)
[0925/210703.827:WARNING:pe_image_reader.cc(281)] could not read dos header from C:\Windows\system32\ole32.dll
[0925/210703.827:ERROR:process_reader_win.cc(242)] ReadMemory at 0x7fefe840000 of 64 bytes failed: Запрос ReadProcessMemory или WriteProcessMemory был выполнен только частично. (0x12B)
[0925/210703.827:WARNING:pe_image_reader.cc(281)] could not read dos header from C:\Windows\system32\OLEAUT32.dll
[0925/210703.827:ERROR:process_reader_win.cc(242)] ReadMemory at 0x7fefeed0000 of 64 bytes failed: Запрос ReadProcessMemory или WriteProcessMemory был выполнен только частично. (0x12B)
[0925/210703.827:WARNING:pe_image_reader.cc(281)] could not read dos header from C:\Windows\system32\NSI.dll
[0925/210703.827:ERROR:process_reader_win.cc(242)] ReadMemory at 0x7fefe7f0000 of 64 bytes failed: Запрос ReadProcessMemory или WriteProcessMemory был выполнен только частично. (0x12B)
[0925/210703.827:WARNING:pe_image_reader.cc(281)] could not read dos header from C:\Windows\system32\WS2_32.dll
[0925/210703.827:ERROR:process_reader_win.cc(242)] ReadMemory at 0x7fefd3b0000 of 64 bytes failed: Запрос ReadProcessMemory или WriteProcessMemory был выполнен только частично. (0x12B)
[0925/210703.827:WARNING:pe_image_reader.cc(281)] could not read dos header from C:\Windows\system32\MSASN1.dll
[0925/210703.827:ERROR:process_reader_win.cc(242)] ReadMemory at 0x7fefd450000 of 64 bytes failed: Запрос ReadProcessMemory или WriteProcessMemory был выполнен только частично. (0x12B)
[0925/210703.827:WARNING:pe_image_reader.cc(281)] could not read dos header from C:\Windows\system32\CRYPT32.dll
[0925/210703.827:ERROR:process_reader_win.cc(242)] ReadMemory at 0x7fefd6a0000 of 64 bytes failed: Запрос ReadProcessMemory или WriteProcessMemory был выполнен только частично. (0x12B)
[0925/210703.827:WARNING:pe_image_reader.cc(281)] could not read dos header from C:\Windows\system32\WINTRUST.dll
[0925/210703.827:ERROR:process_reader_win.cc(242)] ReadMemory at 0x7fefbf30000 of 64 bytes failed: Запрос ReadProcessMemory или WriteProcessMemory был выполнен только частично. (0x12B)
[0925/210703.827:WARNING:pe_image_reader.cc(281)] could not read dos header from C:\Windows\WinSxS\amd64_microsoft.windows.common-controls_6595b64144ccf1df_6.0.7601.17514_none_fa396087175ac9ac\COMCTL32.dll
[0925/210703.827:ERROR:process_reader_win.cc(242)] ReadMemory at 0x7fefd6e0000 of 64 bytes failed: Запрос ReadProcessMemory или WriteProcessMemory был выполнен только частично. (0x12B)
[0925/210703.827:WARNING:pe_image_reader.cc(281)] could not read dos header from C:\Windows\system32\COMDLG32.dll
[0925/210703.827:ERROR:process_reader_win.cc(242)] ReadMemory at 0x7fef6240000 of 64 bytes failed: Запрос ReadProcessMemory или WriteProcessMemory был выполнен только частично. (0x12B)
[0925/210703.827:WARNING:pe_image_reader.cc(281)] could not read dos header from C:\Windows\system32\dbghelp.dll
[0925/210703.827:ERROR:process_reader_win.cc(242)] ReadMemory at 0x7fef81a0000 of 64 bytes failed: Запрос ReadProcessMemory или WriteProcessMemory был выполнен только частично. (0x12B)
[0925/210703.827:WARNING:pe_image_reader.cc(281)] could not read dos header from C:\Windows\system32\WINSPOOL.DRV
[0925/210703.827:ERROR:process_reader_win.cc(242)] ReadMemory at 0x7fefabe0000 of 64 bytes failed: Запрос ReadProcessMemory или WriteProcessMemory был выполнен только частично. (0x12B)
[0925/210703.827:WARNING:pe_image_reader.cc(281)] could not read dos header from C:\Windows\system32\WINNSI.DLL
[0925/210703.827:ERROR:process_reader_win.cc(242)] ReadMemory at 0x7fefabf0000 of 64 bytes failed: Запрос ReadProcessMemory или WriteProcessMemory был выполнен только частично. (0x12B)
[0925/210703.827:WARNING:pe_image_reader.cc(281)] could not read dos header from C:\Windows\system32\IPHLPAPI.DLL
[0925/210703.827:ERROR:process_reader_win.cc(242)] ReadMemory at 0x7fefd150000 of 64 bytes failed: Запрос ReadProcessMemory или WriteProcessMemory был выполнен только частично. (0x12B)
[0925/210703.827:WARNING:pe_image_reader.cc(281)] could not read dos header from C:\Windows\system32\Secur32.dll
[0925/210703.827:ERROR:process_reader_win.cc(242)] ReadMemory at 0x7fefd1b0000 of 64 bytes failed: Запрос ReadProcessMemory или WriteProcessMemory был выполнен только частично. (0x12B)
[0925/210703.827:WARNING:pe_image_reader.cc(281)] could not read dos header from C:\Windows\system32\SSPICLI.DLL
[0925/210703.827:ERROR:process_reader_win.cc(242)] ReadMemory at 0x76a80000 of 64 bytes failed: Запрос ReadProcessMemory или WriteProcessMemory был выполнен только частично. (0x12B)
[0925/210703.827:WARNING:pe_image_reader.cc(281)] could not read dos header from C:\Windows\system32\iertutil.dll
[0925/210703.827:ERROR:process_reader_win.cc(242)] ReadMemory at 0x77080000 of 64 bytes failed: Запрос ReadProcessMemory или WriteProcessMemory был выполнен только частично. (0x12B)
[0925/210703.828:WARNING:pe_image_reader.cc(281)] could not read dos header from C:\Windows\system32\Normaliz.dll
[0925/210703.828:ERROR:process_reader_win.cc(242)] ReadMemory at 0x76920000 of 64 bytes failed: Запрос ReadProcessMemory или WriteProcessMemory был выполнен только частично. (0x12B)
[0925/210703.828:WARNING:pe_image_reader.cc(281)] could not read dos header from C:\Windows\system32\WININET.dll
[0925/210703.828:ERROR:process_reader_win.cc(242)] ReadMemory at 0x767d0000 of 64 bytes failed: Запрос ReadProcessMemory или WriteProcessMemory был выполнен только частично. (0x12B)
[0925/210703.828:WARNING:pe_image_reader.cc(281)] could not read dos header from C:\Windows\system32\urlmon.dll
[0925/210703.828:ERROR:process_reader_win.cc(242)] ReadMemory at 0x7fef7220000 of 64 bytes failed: Запрос ReadProcessMemory или WriteProcessMemory был выполнен только частично. (0x12B)
[0925/210703.828:WARNING:pe_image_reader.cc(281)] could not read dos header from C:\Windows\system32\DWrite.dll
[0925/210703.828:ERROR:process_reader_win.cc(242)] ReadMemory at 0x7fee5fd0000 of 64 bytes failed: Запрос ReadProcessMemory или WriteProcessMemory был выполнен только частично. (0x12B)
[0925/210703.828:WARNING:pe_image_reader.cc(281)] could not read dos header from C:\Program Files (x86)\Google\Chrome\Application\61.0.3163.100\chrome_child.dll
[0925/210703.828:ERROR:process_reader_win.cc(242)] ReadMemory at 0x7fefd240000 of 64 bytes failed: Запрос ReadProcessMemory или WriteProcessMemory был выполнен только частично. (0x12B)
[0925/210703.828:WARNING:pe_image_reader.cc(281)] could not read dos header from C:\Windows\system32\cryptbase.dll
[0925/210704.187:ERROR:process_reader_win.cc(242)] ReadMemory at 0x13f1f0000 of 64 bytes failed: Запрос ReadProcessMemory или WriteProcessMemory был выполнен только частично. (0x12B)
[0925/210704.188:WARNING:pe_image_reader.cc(281)] could not read dos header from C:\Program Files (x86)\Google\Chrome\Application\chrome.exe
[0925/210704.189:ERROR:process_reader_win.cc(242)] ReadMemory at 0x76eb0000 of 64 bytes failed: Запрос ReadProcessMemory или WriteProcessMemory был выполнен только частично. (0x12B)
[0925/210704.189:WARNING:pe_image_reader.cc(281)] could not read dos header from C:\Windows\SYSTEM32\ntdll.dll
[0925/210704.189:ERROR:process_reader_win.cc(242)] ReadMemory at 0x7fefd3c0000 of 64 bytes failed: Запрос ReadProcessMemory или WriteProcessMemory был выполнен только частично. (0x12B)
[0925/210704.190:WARNING:pe_image_reader.cc(281)] could not read dos header from C:\Windows\system32\KERNELBASE.dll
[0925/210704.190:ERROR:process_reader_win.cc(242)] ReadMemory at 0x76c90000 of 64 bytes failed: Запрос ReadProcessMemory или WriteProcessMemory был выполнен только частично. (0x12B)
[0925/210704.191:WARNING:pe_image_reader.cc(281)] could not read dos header from C:\Windows\system32\kernel32.dll
[0925/210704.192:ERROR:process_reader_win.cc(242)] ReadMemory at 0x7fefec50000 of 64 bytes failed: Запрос ReadProcessMemory или WriteProcessMemory был выполнен только частично. (0x12B)
[0925/210704.193:WARNING:pe_image_reader.cc(281)] could not read dos header from C:\Windows\system32\msvcrt.dll
[0925/210704.193:ERROR:process_reader_win.cc(242)] ReadMemory at 0x7fefc420000 of 64 bytes failed: Запрос ReadProcessMemory или WriteProcessMemory был выполнен только частично. (0x12B)
[0925/210704.193:WARNING:pe_image_reader.cc(281)] could not read dos header from C:\Windows\system32\VERSION.dll
[0925/210704.194:ERROR:process_reader_win.cc(242)] ReadMemory at 0x7feee680000 of 64 bytes failed: Запрос ReadProcessMemory или WriteProcessMemory был выполнен только частично. (0x12B)
[0925/210704.194:WARNING:pe_image_reader.cc(281)] could not read dos header from C:\Program Files (x86)\Google\Chrome\Application\61.0.3163.100\chrome_elf.dll
[0925/210704.194:ERROR:process_reader_win.cc(242)] ReadMemory at 0x7fefe570000 of 64 bytes failed: Запрос ReadProcessMemory или WriteProcessMemory был выполнен только частично. (0x12B)
[0925/210704.195:WARNING:pe_image_reader.cc(281)] could not read dos header from C:\Windows\system32\RPCRT4.dll
[0925/210704.195:ERROR:process_reader_win.cc(242)] ReadMemory at 0x7fefec30000 of 64 bytes failed: Запрос ReadProcessMemory или WriteProcessMemory был выполнен только частично. (0x12B)
[0925/210704.195:WARNING:pe_image_reader.cc(281)] could not read dos header from C:\Windows\SYSTEM32\sechost.dll
[0925/210704.195:ERROR:process_reader_win.cc(242)] ReadMemory at 0x7fefe920000 of 64 bytes failed: Запрос ReadProcessMemory или WriteProcessMemory был выполнен только частично. (0x12B)
[0925/210704.195:WARNING:pe_image_reader.cc(281)] could not read dos header from C:\Windows\system32\ADVAPI32.dll
[0925/210704.195:ERROR:process_reader_win.cc(242)] ReadMemory at 0x77070000 of 64 bytes failed: Запрос ReadProcessMemory или WriteProcessMemory был выполнен только частично. (0x12B)
[0925/210704.195:WARNING:pe_image_reader.cc(281)] could not read dos header from C:\Windows\system32\PSAPI.DLL
[0925/210704.195:ERROR:process_reader_win.cc(242)] ReadMemory at 0x5e0000 of 64 bytes failed: Запрос ReadProcessMemory или WriteProcessMemory был выполнен только частично. (0x12B)
[0925/210704.195:WARNING:pe_image_reader.cc(281)] could not read dos header from C:\Windows\system32\USER32.dll
[0925/210704.196:ERROR:process_reader_win.cc(242)] ReadMemory at 0x7feff000000 of 64 bytes failed: Запрос ReadProcessMemory или WriteProcessMemory был выполнен только частично. (0x12B)
[0925/210704.196:WARNING:pe_image_reader.cc(281)] could not read dos header from C:\Windows\system32\USP10.dll
[0925/210704.196:ERROR:process_reader_win.cc(242)] ReadMemory at 0x7fefeff0000 of 64 bytes failed: Запрос ReadProcessMemory или WriteProcessMemory был выполнен только частично. (0x12B)
[0925/210704.196:WARNING:pe_image_reader.cc(281)] could not read dos header from C:\Windows\system32\LPK.dll
[0925/210704.196:ERROR:process_reader_win.cc(242)] ReadMemory at 0x7feff150000 of 64 bytes failed: Запрос ReadProcessMemory или WriteProcessMemory был выполнен только частично. (0x12B)
[0925/210704.196:WARNING:pe_image_reader.cc(281)] could not read dos header from C:\Windows\system32\GDI32.dll
[0925/210704.196:ERROR:process_reader_win.cc(242)] ReadMemory at 0x7fefe770000 of 64 bytes failed: Запрос ReadProcessMemory или WriteProcessMemory был выполнен только частично. (0x12B)
[0925/210704.196:WARNING:pe_image_reader.cc(281)] could not read dos header from C:\Windows\system32\SHLWAPI.dll
[0925/210704.196:ERROR:process_reader_win.cc(242)] ReadMemory at 0x7fefd780000 of 64 bytes failed: Запрос ReadProcessMemory или WriteProcessMemory был выполнен только частично. (0x12B)
[0925/210704.196:WARNING:pe_image_reader.cc(281)] could not read dos header from C:\Windows\system32\SHELL32.dll
[0925/210704.196:ERROR:process_reader_win.cc(242)] ReadMemory at 0x7fef74d0000 of 64 bytes failed: Запрос ReadProcessMemory или WriteProcessMemory был выполнен только частично. (0x12B)
[0925/210704.196:WARNING:pe_image_reader.cc(281)] could not read dos header from C:\Windows\system32\WINMM.dll
[0925/210704.197:ERROR:process_reader_win.cc(242)] ReadMemory at 0x7fefd310000 of 64 bytes failed: Запрос ReadProcessMemory или WriteProcessMemory был выполнен только частично. (0x12B)
[0925/210704.197:WARNING:pe_image_reader.cc(281)] could not read dos header from C:\Windows\system32\profapi.dll
[0925/210704.197:ERROR:process_reader_win.cc(242)] ReadMemory at 0x7fefc650000 of 64 bytes failed: Запрос ReadProcessMemory или WriteProcessMemory был выполнен только частично. (0x12B)
[0925/210704.197:WARNING:pe_image_reader.cc(281)] could not read dos header from C:\Windows\system32\USERENV.dll
[0925/210704.197:ERROR:process_reader_win.cc(242)] ReadMemory at 0x7fef6020000 of 64 bytes failed: Запрос ReadProcessMemory или WriteProcessMemory был выполнен только частично. (0x12B)
[0925/210704.197:WARNING:pe_image_reader.cc(281)] could not read dos header from C:\Windows\system32\webio.dll
[0925/210704.197:ERROR:process_reader_win.cc(242)] ReadMemory at 0x7fef6090000 of 64 bytes failed: Запрос ReadProcessMemory или WriteProcessMemory был выполнен только частично. (0x12B)
[0925/210704.197:WARNING:pe_image_reader.cc(281)] could not read dos header from C:\Windows\system32\WINHTTP.dll
[0925/210704.197:ERROR:process_reader_win.cc(242)] ReadMemory at 0x7fefb0f0000 of 64 bytes failed: Запрос ReadProcessMemory или WriteProcessMemory был выполнен только частично. (0x12B)
[0925/210704.197:WARNING:pe_image_reader.cc(281)] could not read dos header from C:\Windows\system32\api-ms-win-core-synch-l1-2-0.DLL
[0925/210704.197:ERROR:process_reader_win.cc(242)] ReadMemory at 0x7fefeee0000 of 64 bytes failed: Запрос ReadProcessMemory или WriteProcessMemory был выполнен только частично. (0x12B)
[0925/210704.197:WARNING:pe_image_reader.cc(281)] could not read dos header from C:\Windows\system32\MSCTF.dll
[0925/210704.197:ERROR:process_reader_win.cc(242)] ReadMemory at 0x7fefe740000 of 64 bytes failed: Запрос ReadProcessMemory или WriteProcessMemory был выполнен только частично. (0x12B)
[0925/210704.197:WARNING:pe_image_reader.cc(281)] could not read dos header from C:\Windows\system32\IMM32.DLL
[0925/210704.197:ERROR:process_reader_win.cc(242)] ReadMemory at 0x7fefea20000 of 64 bytes failed: Запрос ReadProcessMemory или WriteProcessMemory был выполнен только частично. (0x12B)
[0925/210704.197:WARNING:pe_image_reader.cc(281)] could not read dos header from C:\Windows\system32\ole32.dll
[0925/210704.197:ERROR:process_reader_win.cc(242)] ReadMemory at 0x7fefe840000 of 64 bytes failed: Запрос ReadProcessMemory или WriteProcessMemory был выполнен только частично. (0x12B)
[0925/210704.197:WARNING:pe_image_reader.cc(281)] could not read dos header from C:\Windows\system32\OLEAUT32.dll
[0925/210704.197:ERROR:process_reader_win.cc(242)] ReadMemory at 0x7fefeed0000 of 64 bytes failed: Запрос ReadProcessMemory или WriteProcessMemory был выполнен только частично. (0x12B)
[0925/210704.197:WARNING:pe_image_reader.cc(281)] could not read dos header from C:\Windows\system32\NSI.dll
[0925/210704.197:ERROR:process_reader_win.cc(242)] ReadMemory at 0x7fefe7f0000 of 64 bytes failed: Запрос ReadProcessMemory или WriteProcessMemory был выполнен только частично. (0x12B)
[0925/210704.197:WARNING:pe_image_reader.cc(281)] could not read dos header from C:\Windows\system32\WS2_32.dll
[0925/210704.197:ERROR:process_reader_win.cc(242)] ReadMemory at 0x7fefd3b0000 of 64 bytes failed: Запрос ReadProcessMemory или WriteProcessMemory был выполнен только частично. (0x12B)
[0925/210704.197:WARNING:pe_image_reader.cc(281)] could not read dos header from C:\Windows\system32\MSASN1.dll
[0925/210704.197:ERROR:process_reader_win.cc(242)] ReadMemory at 0x7fefd450000 of 64 bytes failed: Запрос ReadProcessMemory или WriteProcessMemory был выполнен только частично. (0x12B)
[0925/210704.197:WARNING:pe_image_reader.cc(281)] could not read dos header from C:\Windows\system32\CRYPT32.dll
[0925/210704.197:ERROR:process_reader_win.cc(242)] ReadMemory at 0x7fefd6a0000 of 64 bytes failed: Запрос ReadProcessMemory или WriteProcessMemory был выполнен только частично. (0x12B)
[0925/210704.197:WARNING:pe_image_reader.cc(281)] could not read dos header from C:\Windows\system32\WINTRUST.dll
[0925/210704.197:ERROR:process_reader_win.cc(242)] ReadMemory at 0x7fefbf30000 of 64 bytes failed: Запрос ReadProcessMemory или WriteProcessMemory был выполнен только частично. (0x12B)
[0925/210704.197:WARNING:pe_image_reader.cc(281)] could not read dos header from C:\Windows\WinSxS\amd64_microsoft.windows.common-controls_6595b64144ccf1df_6.0.7601.17514_none_fa396087175ac9ac\COMCTL32.dll
[0925/210704.197:ERROR:process_reader_win.cc(242)] ReadMemory at 0x7fefd6e0000 of 64 bytes failed: Запрос ReadProcessMemory или WriteProcessMemory был выполнен только частично. (0x12B)
[0925/210704.197:WARNING:pe_image_reader.cc(281)] could not read dos header from C:\Windows\system32\COMDLG32.dll
[0925/210704.197:ERROR:process_reader_win.cc(242)] ReadMemory at 0x7fef6240000 of 64 bytes failed: Запрос ReadProcessMemory или WriteProcessMemory был выполнен только частично. (0x12B)
[0925/210704.198:WARNING:pe_image_reader.cc(281)] could not read dos header from C:\Windows\system32\dbghelp.dll
[0925/210704.198:ERROR:process_reader_win.cc(242)] ReadMemory at 0x7fef81a0000 of 64 bytes failed: Запрос ReadProcessMemory или WriteProcessMemory был выполнен только частично. (0x12B)
[0925/210704.198:WARNING:pe_image_reader.cc(281)] could not read dos header from C:\Windows\system32\WINSPOOL.DRV
[0925/210704.198:ERROR:process_reader_win.cc(242)] ReadMemory at 0x7fefabe0000 of 64 bytes failed: Запрос ReadProcessMemory или WriteProcessMemory был выполнен только частично. (0x12B)
[0925/210704.198:WARNING:pe_image_reader.cc(281)] could not read dos header from C:\Windows\system32\WINNSI.DLL
[0925/210704.198:ERROR:process_reader_win.cc(242)] ReadMemory at 0x7fefabf0000 of 64 bytes failed: Запрос ReadProcessMemory или WriteProcessMemory был выполнен только частично. (0x12B)
[0925/210704.198:WARNING:pe_image_reader.cc(281)] could not read dos header from C:\Windows\system32\IPHLPAPI.DLL
[0925/210704.198:ERROR:process_reader_win.cc(242)] ReadMemory at 0x7fefd150000 of 64 bytes failed: Запрос ReadProcessMemory или WriteProcessMemory был выполнен только частично. (0x12B)
[0925/210704.198:WARNING:pe_image_reader.cc(281)] could not read dos header from C:\Windows\system32\Secur32.dll
[0925/210704.198:ERROR:process_reader_win.cc(242)] ReadMemory at 0x7fefd1b0000 of 64 bytes failed: Запрос ReadProcessMemory или WriteProcessMemory был выполнен только частично. (0x12B)
[0925/210704.198:WARNING:pe_image_reader.cc(281)] could not read dos header from C:\Windows\system32\SSPICLI.DLL
[0925/210704.198:ERROR:process_reader_win.cc(242)] ReadMemory at 0x76a80000 of 64 bytes failed: Запрос ReadProcessMemory или WriteProcessMemory был выполнен только частично. (0x12B)
[0925/210704.198:WARNING:pe_image_reader.cc(281)] could not read dos header from C:\Windows\system32\iertutil.dll
[0925/210704.198:ERROR:process_reader_win.cc(242)] ReadMemory at 0x77080000 of 64 bytes failed: Запрос ReadProcessMemory или WriteProcessMemory был выполнен только частично. (0x12B)
[0925/210704.198:WARNING:pe_image_reader.cc(281)] could not read dos header from C:\Windows\system32\Normaliz.dll
[0925/210704.198:ERROR:process_reader_win.cc(242)] ReadMemory at 0x76920000 of 64 bytes failed: Запрос ReadProcessMemory или WriteProcessMemory был выполнен только частично. (0x12B)
[0925/210704.198:WARNING:pe_image_reader.cc(281)] could not read dos header from C:\Windows\system32\WININET.dll
[0925/210704.198:ERROR:process_reader_win.cc(242)] ReadMemory at 0x767d0000 of 64 bytes failed: Запрос ReadProcessMemory или WriteProcessMemory был выполнен только частично. (0x12B)
[0925/210704.198:WARNING:pe_image_reader.cc(281)] could not read dos header from C:\Windows\system32\urlmon.dll
[0925/210704.198:ERROR:process_reader_win.cc(242)] ReadMemory at 0x7fef7220000 of 64 bytes failed: Запрос ReadProcessMemory или WriteProcessMemory был выполнен только частично. (0x12B)
[0925/210704.198:WARNING:pe_image_reader.cc(281)] could not read dos header from C:\Windows\system32\DWrite.dll
[0925/210704.198:ERROR:process_reader_win.cc(242)] ReadMemory at 0x7fee5fd0000 of 64 bytes failed: Запрос ReadProcessMemory или WriteProcessMemory был выполнен только частично. (0x12B)
[0925/210704.198:WARNING:pe_image_reader.cc(281)] could not read dos header from C:\Program Files (x86)\Google\Chrome\Application\61.0.3163.100\chrome_child.dll
[0925/210704.198:ERROR:process_reader_win.cc(242)] ReadMemory at 0x7fefd240000 of 64 bytes failed: Запрос ReadProcessMemory или WriteProcessMemory был выполнен только частично. (0x12B)
[0925/210704.198:WARNING:pe_image_reader.cc(281)] could not read dos header from C:\Windows\system32\cryptbase.dll
[0925/210704.226:ERROR:process_reader_win.cc(242)] ReadMemory at 0x13f1f0000 of 64 bytes failed: Запрос ReadProcessMemory или WriteProcessMemory был выполнен только частично. (0x12B)
[0925/210704.226:WARNING:pe_image_reader.cc(281)] could not read dos header from C:\Program Files (x86)\Google\Chrome\Application\chrome.exe
[0925/210704.227:ERROR:process_reader_win.cc(242)] ReadMemory at 0x76eb0000 of 64 bytes failed: Запрос ReadProcessMemory или WriteProcessMemory был выполнен только частично. (0x12B)
[0925/210704.227:WARNING:pe_image_reader.cc(281)] could not read dos header from C:\Windows\SYSTEM32\ntdll.dll
[0925/210704.227:ERROR:process_reader_win.cc(242)] ReadMemory at 0x7fefd3c0000 of 64 bytes failed: Запрос ReadProcessMemory или WriteProcessMemory был выполнен только частично. (0x12B)
[0925/210704.227:WARNING:pe_image_reader.cc(281)] could not read dos header from C:\Windows\system32\KERNELBASE.dll
[0925/210704.227:ERROR:process_reader_win.cc(242)] ReadMemory at 0x76c90000 of 64 bytes failed: Запрос ReadProcessMemory или WriteProcessMemory был выполнен только частично. (0x12B)
[0925/210704.227:WARNING:pe_image_reader.cc(281)] could not read dos header from C:\Windows\system32\kernel32.dll
[0925/210704.227:ERROR:process_reader_win.cc(242)] ReadMemory at 0x7fefec50000 of 64 bytes failed: Запрос ReadProcessMemory или WriteProcessMemory был выполнен только частично. (0x12B)
[0925/210704.227:WARNING:pe_image_reader.cc(281)] could not read dos header from C:\Windows\system32\msvcrt.dll
[0925/210704.227:ERROR:process_reader_win.cc(242)] ReadMemory at 0x7fefc420000 of 64 bytes failed: Запрос ReadProcessMemory или WriteProcessMemory был выполнен только частично. (0x12B)
[0925/210704.227:WARNING:pe_image_reader.cc(281)] could not read dos header from C:\Windows\system32\VERSION.dll
[0925/210704.227:ERROR:process_reader_win.cc(242)] ReadMemory at 0x7feee680000 of 64 bytes failed: Запрос ReadProcessMemory или WriteProcessMemory был выполнен только частично. (0x12B)
[0925/210704.227:WARNING:pe_image_reader.cc(281)] could not read dos header from C:\Program Files (x86)\Google\Chrome\Application\61.0.3163.100\chrome_elf.dll
[0925/210704.227:ERROR:process_reader_win.cc(242)] ReadMemory at 0x7fefe570000 of 64 bytes failed: Запрос ReadProcessMemory или WriteProcessMemory был выполнен только частично. (0x12B)
[0925/210704.227:WARNING:pe_image_reader.cc(281)] could not read dos header from C:\Windows\system32\RPCRT4.dll
[0925/210704.227:ERROR:process_reader_win.cc(242)] ReadMemory at 0x7fefec30000 of 64 bytes failed: Запрос ReadProcessMemory или WriteProcessMemory был выполнен только частично. (0x12B)
[0925/210704.227:WARNING:pe_image_reader.cc(281)] could not read dos header from C:\Windows\SYSTEM32\sechost.dll
[0925/210704.227:ERROR:process_reader_win.cc(242)] ReadMemory at 0x7fefe920000 of 64 bytes failed: Запрос ReadProcessMemory или WriteProcessMemory был выполнен только частично. (0x12B)
[0925/210704.227:WARNING:pe_image_reader.cc(281)] could not read dos header from C:\Windows\system32\ADVAPI32.dll
[0925/210704.227:ERROR:process_reader_win.cc(242)] ReadMemory at 0x77070000 of 64 bytes failed: Запрос ReadProcessMemory или WriteProcessMemory был выполнен только частично. (0x12B)
[0925/210704.227:WARNING:pe_image_reader.cc(281)] could not read dos header from C:\Windows\system32\PSAPI.DLL
[0925/210704.227:ERROR:process_reader_win.cc(242)] ReadMemory at 0x5e0000 of 64 bytes failed: Запрос ReadProcessMemory или WriteProcessMemory был выполнен только частично. (0x12B)
[0925/210704.227:WARNING:pe_image_reader.cc(281)] could not read dos header from C:\Windows\system32\USER32.dll
[0925/210704.227:ERROR:process_reader_win.cc(242)] ReadMemory at 0x7feff000000 of 64 bytes failed: Запрос ReadProcessMemory или WriteProcessMemory был выполнен только частично. (0x12B)
[0925/210704.227:WARNING:pe_image_reader.cc(281)] could not read dos header from C:\Windows\system32\USP10.dll
[0925/210704.227:ERROR:process_reader_win.cc(242)] ReadMemory at 0x7fefeff0000 of 64 bytes failed: Запрос ReadProcessMemory или WriteProcessMemory был выполнен только частично. (0x12B)
[0925/210704.227:WARNING:pe_image_reader.cc(281)] could not read dos header from C:\Windows\system32\LPK.dll
[0925/210704.227:ERROR:process_reader_win.cc(242)] ReadMemory at 0x7feff150000 of 64 bytes failed: Запрос ReadProcessMemory или WriteProcessMemory был выполнен только частично. (0x12B)
[0925/210704.227:WARNING:pe_image_reader.cc(281)] could not read dos header from C:\Windows\system32\GDI32.dll
[0925/210704.227:ERROR:process_reader_win.cc(242)] ReadMemory at 0x7fefe770000 of 64 bytes failed: Запрос ReadProcessMemory или WriteProcessMemory был выполнен только частично. (0x12B)
[0925/210704.228:WARNING:pe_image_reader.cc(281)] could not read dos header from C:\Windows\system32\SHLWAPI.dll
[0925/210704.228:ERROR:process_reader_win.cc(242)] ReadMemory at 0x7fefd780000 of 64 bytes failed: Запрос ReadProcessMemory или WriteProcessMemory был выполнен только частично. (0x12B)
[0925/210704.228:WARNING:pe_image_reader.cc(281)] could not read dos header from C:\Windows\system32\SHELL32.dll
[0925/210704.228:ERROR:process_reader_win.cc(242)] ReadMemory at 0x7fef74d0000 of 64 bytes failed: Запрос ReadProcessMemory или WriteProcessMemory был выполнен только частично. (0x12B)
[0925/210704.228:WARNING:pe_image_reader.cc(281)] could not read dos header from C:\Windows\system32\WINMM.dll
[0925/210704.228:ERROR:process_reader_win.cc(242)] ReadMemory at 0x7fefd310000 of 64 bytes failed: Запрос ReadProcessMemory или WriteProcessMemory был выполнен только частично. (0x12B)
[0925/210704.228:WARNING:pe_image_reader.cc(281)] could not read dos header from C:\Windows\system32\profapi.dll
[0925/210704.228:ERROR:process_reader_win.cc(242)] ReadMemory at 0x7fefc650000 of 64 bytes failed: Запрос ReadProcessMemory или WriteProcessMemory был выполнен только частично. (0x12B)
[0925/210704.228:WARNING:pe_image_reader.cc(281)] could not read dos header from C:\Windows\system32\USERENV.dll
[0925/210704.228:ERROR:process_reader_win.cc(242)] ReadMemory at 0x7fef6020000 of 64 bytes failed: Запрос ReadProcessMemory или WriteProcessMemory был выполнен только частично. (0x12B)
[0925/210704.228:WARNING:pe_image_reader.cc(281)] could not read dos header from C:\Windows\system32\webio.dll
[0925/210704.228:ERROR:process_reader_win.cc(242)] ReadMemory at 0x7fef6090000 of 64 bytes failed: Запрос ReadProcessMemory или WriteProcessMemory был выполнен только частично. (0x12B)
[0925/210704.228:WARNING:pe_image_reader.cc(281)] could not read dos header from C:\Windows\system32\WINHTTP.dll
[0925/210704.228:ERROR:process_reader_win.cc(242)] ReadMemory at 0x7fefb0f0000 of 64 bytes failed: Запрос ReadProcessMemory или WriteProcessMemory был выполнен только частично. (0x12B)
[0925/210704.228:WARNING:pe_image_reader.cc(281)] could not read dos header from C:\Windows\system32\api-ms-win-core-synch-l1-2-0.DLL
[0925/210704.228:ERROR:process_reader_win.cc(242)] ReadMemory at 0x7fefeee0000 of 64 bytes failed: Запрос ReadProcessMemory или WriteProcessMemory был выполнен только частично. (0x12B)
[0925/210704.228:WARNING:pe_image_reader.cc(281)] could not read dos header from C:\Windows\system32\MSCTF.dll
[0925/210704.229:ERROR:process_reader_win.cc(242)] ReadMemory at 0x7fefe740000 of 64 bytes failed: Запрос ReadProcessMemory или WriteProcessMemory был выполнен только частично. (0x12B)
[0925/210704.229:WARNING:pe_image_reader.cc(281)] could not read dos header from C:\Windows\system32\IMM32.DLL
[0925/210704.229:ERROR:process_reader_win.cc(242)] ReadMemory at 0x7fefea20000 of 64 bytes failed: Запрос ReadProcessMemory или WriteProcessMemory был выполнен только частично. (0x12B)
[0925/210704.229:WARNING:pe_image_reader.cc(281)] could not read dos header from C:\Windows\system32\ole32.dll
[0925/210704.229:ERROR:process_reader_win.cc(242)] ReadMemory at 0x7fefe840000 of 64 bytes failed: Запрос ReadProcessMemory или WriteProcessMemory был выполнен только частично. (0x12B)
[0925/210704.229:WARNING:pe_image_reader.cc(281)] could not read dos header from C:\Windows\system32\OLEAUT32.dll
[0925/210704.229:ERROR:process_reader_win.cc(242)] ReadMemory at 0x7fefeed0000 of 64 bytes failed: Запрос ReadProcessMemory или WriteProcessMemory был выполнен только частично. (0x12B)
[0925/210704.232:WARNING:pe_image_reader.cc(281)] could not read dos header from C:\Windows\system32\NSI.dll
[0925/210704.232:ERROR:process_reader_win.cc(242)] ReadMemory at 0x7fefe7f0000 of 64 bytes failed: Запрос ReadProcessMemory или WriteProcessMemory был выполнен только частично. (0x12B)
[0925/210704.232:WARNING:pe_image_reader.cc(281)] could not read dos header from C:\Windows\system32\WS2_32.dll
[0925/210704.232:ERROR:process_reader_win.cc(242)] ReadMemory at 0x7fefd3b0000 of 64 bytes failed: Запрос ReadProcessMemory или WriteProcessMemory был выполнен только частично. (0x12B)
[0925/210704.232:WARNING:pe_image_reader.cc(281)] could not read dos header from C:\Windows\system32\MSASN1.dll
[0925/210704.232:ERROR:process_reader_win.cc(242)] ReadMemory at 0x7fefd450000 of 64 bytes failed: Запрос ReadProcessMemory или WriteProcessMemory был выполнен только частично. (0x12B)
[0925/210704.232:WARNING:pe_image_reader.cc(281)] could not read dos header from C:\Windows\system32\CRYPT32.dll
[0925/210704.232:ERROR:process_reader_win.cc(242)] ReadMemory at 0x7fefd6a0000 of 64 bytes failed: Запрос ReadProcessMemory или WriteProcessMemory был выполнен только частично. (0x12B)
[0925/210704.232:WARNING:pe_image_reader.cc(281)] could not read dos header from C:\Windows\system32\WINTRUST.dll
[0925/210704.232:ERROR:process_reader_win.cc(242)] ReadMemory at 0x7fefbf30000 of 64 bytes failed: Запрос ReadProcessMemory или WriteProcessMemory был выполнен только частично. (0x12B)
[0925/210704.232:WARNING:pe_image_reader.cc(281)] could not read dos header from C:\Windows\WinSxS\amd64_microsoft.windows.common-controls_6595b64144ccf1df_6.0.7601.17514_none_fa396087175ac9ac\COMCTL32.dll
[0925/210704.233:ERROR:process_reader_win.cc(242)] ReadMemory at 0x7fefd6e0000 of 64 bytes failed: Запрос ReadProcessMemory или WriteProcessMemory был выполнен только частично. (0x12B)
[0925/210704.233:WARNING:pe_image_reader.cc(281)] could not read dos header from C:\Windows\system32\COMDLG32.dll
[0925/210704.233:ERROR:process_reader_win.cc(242)] ReadMemory at 0x7fef6240000 of 64 bytes failed: Запрос ReadProcessMemory или WriteProcessMemory был выполнен только частично. (0x12B)
[0925/210704.234:WARNING:pe_image_reader.cc(281)] could not read dos header from C:\Windows\system32\dbghelp.dll
[0925/210704.234:ERROR:process_reader_win.cc(242)] ReadMemory at 0x7fef81a0000 of 64 bytes failed: Запрос ReadProcessMemory или WriteProcessMemory был выполнен только частично. (0x12B)
[0925/210704.234:WARNING:pe_image_reader.cc(281)] could not read dos header from C:\Windows\system32\WINSPOOL.DRV
[0925/210704.234:ERROR:process_reader_win.cc(242)] ReadMemory at 0x7fefabe0000 of 64 bytes failed: Запрос ReadProcessMemory или WriteProcessMemory был выполнен только частично. (0x12B)
[0925/210704.234:WARNING:pe_image_reader.cc(281)] could not read dos header from C:\Windows\system32\WINNSI.DLL
[0925/210704.234:ERROR:process_reader_win.cc(242)] ReadMemory at 0x7fefabf0000 of 64 bytes failed: Запрос ReadProcessMemory или WriteProcessMemory был выполнен только частично. (0x12B)
[0925/210704.234:WARNING:pe_image_reader.cc(281)] could not read dos header from C:\Windows\system32\IPHLPAPI.DLL
[0925/210704.234:ERROR:process_reader_win.cc(242)] ReadMemory at 0x7fefd150000 of 64 bytes failed: Запрос ReadProcessMemory или WriteProcessMemory был выполнен только частично. (0x12B)
[0925/210704.234:WARNING:pe_image_reader.cc(281)] could not read dos header from C:\Windows\system32\Secur32.dll
[0925/210704.234:ERROR:process_reader_win.cc(242)] ReadMemory at 0x7fefd1b0000 of 64 bytes failed: Запрос ReadProcessMemory или WriteProcessMemory был выполнен только частично. (0x12B)
[0925/210704.234:WARNING:pe_image_reader.cc(281)] could not read dos header from C:\Windows\system32\SSPICLI.DLL
[0925/210704.234:ERROR:process_reader_win.cc(242)] ReadMemory at 0x76a80000 of 64 bytes failed: Запрос ReadProcessMemory или WriteProcessMemory был выполнен только частично. (0x12B)
[0925/210704.234:WARNING:pe_image_reader.cc(281)] could not read dos header from C:\Windows\system32\iertutil.dll
[0925/210704.234:ERROR:process_reader_win.cc(242)] ReadMemory at 0x77080000 of 64 bytes failed: Запрос ReadProcessMemory или WriteProcessMemory был выполнен только частично. (0x12B)
[0925/210704.234:WARNING:pe_image_reader.cc(281)] could not read dos header from C:\Windows\system32\Normaliz.dll
[0925/210704.234:ERROR:process_reader_win.cc(242)] ReadMemory at 0x76920000 of 64 bytes failed: Запрос ReadProcessMemory или WriteProcessMemory был выполнен только частично. (0x12B)
[0925/210704.234:WARNING:pe_image_reader.cc(281)] could not read dos header from C:\Windows\system32\WININET.dll
[0925/210704.234:ERROR:process_reader_win.cc(242)] ReadMemory at 0x767d0000 of 64 bytes failed: Запрос ReadProcessMemory или WriteProcessMemory был выполнен только частично. (0x12B)
[0925/210704.234:WARNING:pe_image_reader.cc(281)] could not read dos header from C:\Windows\system32\urlmon.dll
[0925/210704.234:ERROR:process_reader_win.cc(242)] ReadMemory at 0x7fef7220000 of 64 bytes failed: Запрос ReadProcessMemory или WriteProcessMemory был выполнен только частично. (0x12B)
[0925/210704.234:WARNING:pe_image_reader.cc(281)] could not read dos header from C:\Windows\system32\DWrite.dll
[0925/210704.234:ERROR:process_reader_win.cc(242)] ReadMemory at 0x7fee5fd0000 of 64 bytes failed: Запрос ReadProcessMemory или WriteProcessMemory был выполнен только частично. (0x12B)
[0925/210704.234:WARNING:pe_image_reader.cc(281)] could not read dos header from C:\Program Files (x86)\Google\Chrome\Application\61.0.3163.100\chrome_child.dll
[0925/210704.235:ERROR:process_reader_win.cc(242)] ReadMemory at 0x7fefd240000 of 64 bytes failed: Запрос ReadProcessMemory или WriteProcessMemory был выполнен только частично. (0x12B)
[0925/210704.235:WARNING:pe_image_reader.cc(281)] could not read dos header from C:\Windows\system32\cryptbase.dll
[0925/210704.247:ERROR:process_reader_win.cc(242)] ReadMemory at 0x2df000 of 69632 bytes failed: Запрос ReadProcessMemory или WriteProcessMemory был выполнен только частично. (0x12B)
[0925/210704.247:ERROR:crash_report_exception_handler.cc(116)] WriteEverything failed
[0925/210704.693:ERROR:scoped_process_suspend.cc(39)] NtResumeProcess: Попытка доступа к процессу, выполняющему процедуру завершения.  (0xc000010a)
