2017-09-05 13:48:32.018          app.c !Eltex pa_sip 3.1.6.67. Log started
2017-09-05 13:48:32.018          app.c  set log_level 5
2017-09-05 13:48:32.018          ipc.c  pbx-ipc SIP: TX (005)
2017-09-05 13:48:32.018          ipc.c  		 15 24 01 00 05                                  .$...
2017-09-05 13:48:32.018          ipc.c  PBXIPC-SIP. TX. trace 
2017-09-05 13:48:32.018          ipc.c  		# trace-level [5]
2017-09-05 13:48:59.258          ipc.c !pbx-ipc SIP: RX (418)
2017-09-05 13:48:59.258          ipc.c  		 01 01 02 00 08 04 03 02 00 01 00 23 0C 00 31 30 ...........#..10
2017-09-05 13:48:59.258          ipc.c  		 2E 33 32 2E 32 35 35 2E 32 32 05 02 00 C4 13 08 .32.255.22......
2017-09-05 13:48:59.258          ipc.c  		 2F 00 01 01 00 00 02 00 00 00 00 00 00 07 00 00 /...............
2017-09-05 13:48:59.258          ipc.c  		 00 33 37 30 34 30 32 30 00 00 00 00 00 00 00 00 .3704020........
2017-09-05 13:48:59.258          ipc.c  		 00 00 00 00 00 00 00 00 00 00 00 00 00 00 00 00 ................
2017-09-05 13:48:59.258          ipc.c  		 00 0A 2F 00 01 00 02 0A 02 00 00 00 00 00 00 0C ../.............
2017-09-05 13:48:59.258          ipc.c  		 00 00 00 33 38 30 35 36 33 37 32 30 32 38 36 00 ...380563720286.
2017-09-05 13:48:59.258          ipc.c  		 00 00 00 00 00 00 00 00 00 00 00 00 00 00 00 00 ................
2017-09-05 13:48:59.258          ipc.c  		 00 00 00 0E 1C 01 76 3D 30 0D 0A 6F 3D 6D 67 61 ......v=0..o=mga
2017-09-05 13:48:59.258          ipc.c  		 70 70 20 39 37 36 36 36 39 35 39 38 20 31 33 39 pp 976669598 139
2017-09-05 13:48:59.258          ipc.c  		 30 36 35 39 30 39 38 20 49 4E 20 49 50 34 20 31 0659098 IN IP4 1
2017-09-05 13:48:59.258          ipc.c  		 30 2E 33 37 2E 30 2E 33 36 0D 0A 73 3D 2D 0D 0A 0.37.0.36..s=-..
2017-09-05 13:48:59.258          ipc.c  		 63 3D 49 4E 20 49 50 34 20 31 30 2E 33 37 2E 30 c=IN IP4 10.37.0
2017-09-05 13:48:59.258          ipc.c  		 2E 33 36 0D 0A 74 3D 30 20 30 0D 0A 6D 3D 61 75 .36..t=0 0..m=au
2017-09-05 13:48:59.258          ipc.c  		 64 69 6F 20 32 30 30 32 30 20 52 54 50 2F 41 56 dio 20020 RTP/AV
2017-09-05 13:48:59.258          ipc.c  		 50 20 38 20 30 20 31 38 20 31 30 31 0D 0A 61 3D P 8 0 18 101..a=
2017-09-05 13:48:59.258          ipc.c  		 72 74 70 6D 61 70 3A 38 20 50 43 4D 41 2F 38 30 rtpmap:8 PCMA/80
2017-09-05 13:48:59.258          ipc.c  		 30 30 0D 0A 61 3D 72 74 70 6D 61 70 3A 30 20 50 00..a=rtpmap:0 P
2017-09-05 13:48:59.258          ipc.c  		 43 4D 55 2F 38 30 30 30 0D 0A 61 3D 72 74 70 6D CMU/8000..a=rtpm
2017-09-05 13:48:59.258          ipc.c  		 61 70 3A 31 38 20 47 37 32 39 2F 38 30 30 30 0D ap:18 G729/8000.
2017-09-05 13:48:59.258          ipc.c  		 0A 61 3D 66 6D 74 70 3A 31 38 20 61 6E 6E 65 78 .a=fmtp:18 annex
2017-09-05 13:48:59.258          ipc.c  		 62 3D 6E 6F 0D 0A 61 3D 72 74 70 6D 61 70 3A 31 b=no..a=rtpmap:1
2017-09-05 13:48:59.258          ipc.c  		 30 31 20 74 65 6C 65 70 68 6F 6E 65 2D 65 76 65 01 telephone-eve
2017-09-05 13:48:59.258          ipc.c  		 6E 74 2F 38 30 30 30 0D 0A 61 3D 66 6D 74 70 3A nt/8000..a=fmtp:
2017-09-05 13:48:59.258          ipc.c  		 31 30 31 20 30 2D 31 35 0D 0A 61 3D 70 74 69 6D 101 0-15..a=ptim
2017-09-05 13:48:59.258          ipc.c  		 65 3A 33 30 0D 0A 61 3D 73 65 6E 64 72 65 63 76 e:30..a=sendrecv
2017-09-05 13:48:59.259          ipc.c  		 0D 0A                                           ..
2017-09-05 13:48:59.259          ipc.c  PBXIPC-SIP. RX. seize 
2017-09-05 13:48:59.259          ipc.c  		# callref 0408
2017-09-05 13:48:59.259          ipc.c  		# trunkID 01
2017-09-05 13:48:59.259          ipc.c  		# Hostname '10.32.255.22'
2017-09-05 13:48:59.259          ipc.c  		# port 5060
2017-09-05 13:48:59.259          ipc.c  		# cdpn <3704020> (7) cat 0x00
2017-09-05 13:48:59.259          ipc.c  		# cgpn <380563720286> (12) cat 0x0a
2017-09-05 13:48:59.259          ipc.c  		# SDP len (284)
2017-09-05 13:48:59.275      ipc_msg.c !ipc_msg_parse: msg type = seize [1]
2017-09-05 13:48:59.275      ipc_msg.c  get_ie: ie [1][callref] size [2]
2017-09-05 13:48:59.275      ipc_msg.c  get_ie: ie [3][trunk-id] size [2]
2017-09-05 13:48:59.275      ipc_msg.c  get_ie: ie [35][hostname] size [12]
2017-09-05 13:48:59.276      ipc_msg.c  get_ie: ie [5][port] size [2]
2017-09-05 13:48:59.276      ipc_msg.c  get_ie: ie [8][cdpn] size [47]
2017-09-05 13:48:59.276      ipc_msg.c  get_ie: ie [10][cgpn] size [47]
2017-09-05 13:48:59.276      ipc_msg.c  get_ie: ie [14][sdp] size [284]
2017-09-05 13:48:59.276          ipc.c  ipc_process: msg ptr = 0x393608. type [1]
2017-09-05 13:48:59.276         call.c  call_seize: call 0408. try acquire. dest: <10.32.255.22:5060>
2017-09-05 13:48:59.276         call.c  call_seize: call 0408. sdp [284] <0x1eb9b8>
2017-09-05 13:48:59.276         call.c  call_seize: call 0408. try make call
2017-09-05 13:48:59.276         call.c  call_seize: call 0408. Encapsulate ISUP: 'NO'
2017-09-05 13:48:59.276         call.c  call_replace_sdp_ip: call 0408. Replace sdp ip by 10.37.0.36
2017-09-05 13:48:59.276    dlg0x3965fc  UAC dialog created
2017-09-05 13:48:59.276         call.c  make_call: call 0408.

R-URI   <sip:3704020@10.32.255.22:5060>
From    "380563720286" <sip:380563720286@10.37.0.36:5060;user=phone>
To      <sip:3704020@10.32.255.22:5060>
Contact <sip:380563720286@10.37.0.36:5060>

2017-09-05 13:48:59.276         call.c  make_call: call 0408. sdp [284] <0x277afc> 

v=0
o=mgapp 976669598 1390659098 IN IP4 10.37.0.36
s=-
c=IN IP4 10.37.0.36
t=0 0
m=audio 20020 RTP/AVP 8 0 18 101
a=rtpmap:8 PCMA/8000
a=rtpmap:0 PCMU/8000
a=rtpmap:18 G729/8000
a=fmtp:18 annexb=no
a=rtpmap:101 telephone-event/8000
a=fmtp:101 0-15
a=ptime:30
a=sendrecv

2017-09-05 13:48:59.276    dlg0x3965fc  Module mod-invite added as dialog usage, data=0x393d94
2017-09-05 13:48:59.276    dlg0x3965fc  Session count inc to 2 by mod-invite
2017-09-05 13:48:59.276    dlg0x3965fc  Module mod-100rel added as dialog usage, data=0x39713c
2017-09-05 13:48:59.276    dlg0x3965fc  100rel module attached
2017-09-05 13:48:59.276    inv0x3965fc  UAC invite session created for dialog dlg0x3965fc
2017-09-05 13:48:59.277       endpoint  Request msg INVITE/cseq=12043 (tdta0x3971a8) created.
2017-09-05 13:48:59.277         call.c  make_call: call 0408. call <0x40506fdc> inv <0x393d94> dlg <0x3965fc>
2017-09-05 13:48:59.277    inv0x3965fc  Sending Request msg INVITE/cseq=12043 (tdta0x3971a8)
2017-09-05 13:48:59.277    dlg0x3965fc  Sending Request msg INVITE/cseq=12043 (tdta0x3971a8)
2017-09-05 13:48:59.277    tsx0x3991bc  Transaction created for Request msg INVITE/cseq=12042 (tdta0x3971a8)
2017-09-05 13:48:59.277    tsx0x3991bc  Sending Request msg INVITE/cseq=12042 (tdta0x3971a8) in state Null
2017-09-05 13:48:59.277  sip_resolve.c  Target '10.32.255.22:5060' type=Unspecified resolved to '10.32.255.22:5060' type=UDP (UDP transport)
2017-09-05 13:48:59.277    tsx0x3991bc  State changed from Null to Calling, event=TX_MSG
2017-09-05 13:48:59.277    dlg0x3965fc  Transaction tsx0x3991bc state changed to Calling
2017-09-05 13:48:59.278         call.c  call_on_state_changed: call 0408. changed to CALLING state with event TSX_STATE
2017-09-05 13:48:59.278         call.c  call_on_tsx_state_changed: call 0408. tsx 'tsx0x3991bc', role UAC, method INVITE, event TX_MSG, tsx-state: Calling
2017-09-05 13:48:59.278         call.c  call_on_tsx_state_changed: call 0408. INVITE UAC. status code [0]
2017-09-05 13:48:59.278         call.c  call_on_tsx_state_changed: call 0408. Unsupported status code 0 for not-answered call
2017-09-05 13:48:59.280 sip_endpoint.c  Processing incoming message: Response msg 100/INVITE/cseq=12042 (rdata0x394664)
2017-09-05 13:48:59.280    tsx0x3991bc  Incoming Response msg 100/INVITE/cseq=12042 (rdata0x394664) in state Calling
2017-09-05 13:48:59.280    tsx0x3991bc  State changed from Calling to Proceeding, event=RX_MSG
2017-09-05 13:48:59.280    dlg0x3965fc  Received Response msg 100/INVITE/cseq=12042 (rdata0x394664)
2017-09-05 13:48:59.280    dlg0x3965fc  Transaction tsx0x3991bc state changed to Proceeding
2017-09-05 13:48:59.280         call.c  call_on_tsx_state_changed: call 0408. tsx 'tsx0x3991bc', role UAC, method INVITE, event RX_MSG, tsx-state: Proceeding
2017-09-05 13:48:59.280         call.c  call_check_isup: call 0408. checking for ISUP presence
2017-09-05 13:48:59.280         call.c  call_check_isup: call 0408. ISUP message not found
2017-09-05 13:48:59.280         call.c  call_on_tsx_state_changed: call 0408. INVITE UAC. status code [100]
2017-09-05 13:48:59.280         call.c  call_on_tsx_state_changed: call 0408. Unsupported status code 100 for not-answered call
2017-09-05 13:48:59.297 sip_endpoint.c !Processing incoming message: Response msg 403/INVITE/cseq=12042 (rdata0x394664)
2017-09-05 13:48:59.297    tsx0x3991bc  Incoming Response msg 403/INVITE/cseq=12042 (rdata0x394664) in state Proceeding
2017-09-05 13:48:59.297       endpoint  Request msg ACK/cseq=12042 (tdta0x39b8a8) created.
2017-09-05 13:48:59.297    tsx0x3991bc  State changed from Proceeding to Completed, event=RX_MSG
2017-09-05 13:48:59.297    dlg0x3965fc  Received Response msg 403/INVITE/cseq=12042 (rdata0x394664)
2017-09-05 13:48:59.297    dlg0x3965fc  Transaction tsx0x3991bc state changed to Completed
2017-09-05 13:48:59.297         call.c  call_on_state_changed: call 0408. changed to DISCONNCTD state with event TSX_STATE
2017-09-05 13:48:59.297         call.c  call_state_disconnected: call 0408. Disconnected. Event type TSX_STATE with response 403
2017-09-05 13:48:59.297         call.c  call_check_isup: call 0408. checking for ISUP presence
2017-09-05 13:48:59.297         call.c  call_check_isup: call 0408. ISUP message not found
2017-09-05 13:48:59.297          ipc.c  pbx-ipc SIP: TX (011)
2017-09-05 13:48:59.297          ipc.c  		 06 01 02 00 08 04 10 02 00 93 01                ...........
2017-09-05 13:48:59.297          ipc.c  PBXIPC-SIP. TX. rel-req 
2017-09-05 13:48:59.297          ipc.c  		# callref 0408
2017-09-05 13:48:59.297          ipc.c  		# cause 403
2017-09-05 13:48:59.298    dlg0x3965fc  Session count dec to 1 by mod-invite
2017-09-05 13:48:59.298         call.c  call_on_tsx_state_changed: inv <0x393d94>, mod-data <(nil)>
2017-09-05 13:48:59.298   tdta0x3971a8  Destroying txdata Request msg INVITE/cseq=12042 (tdta0x3971a8)
2017-09-05 13:48:59.298          ipc.c !pbx-ipc SIP: RX (016)
2017-09-05 13:48:59.298          ipc.c  		 07 01 02 00 08 04 29 02 00 15 00 10 02 00 93 01 ......).........
2017-09-05 13:48:59.298          ipc.c  PBXIPC-SIP. RX. rel-cplt 
2017-09-05 13:48:59.298          ipc.c  		# callref 0408
2017-09-05 13:48:59.298          ipc.c  		# q850-cause 21
2017-09-05 13:48:59.298          ipc.c  		# cause 403
2017-09-05 13:48:59.301      ipc_msg.c !ipc_msg_parse: msg type = rel-cplt [7]
2017-09-05 13:48:59.301      ipc_msg.c  get_ie: ie [1][callref] size [2]
2017-09-05 13:48:59.301      ipc_msg.c  get_ie: ie [41][q850-cause] size [2]
2017-09-05 13:48:59.301      ipc_msg.c  get_ie: ie [16][cause] size [2]
2017-09-05 13:48:59.301          ipc.c  ipc_process: msg ptr = 0x393608. type [7]
2017-09-05 13:48:59.301         call.c  call_release_complete: call 0408. release complete req w/cause 403
2017-09-05 13:49:07.613          ipc.c !pbx-ipc SIP: RX (005)
2017-09-05 13:49:07.613          ipc.c  		 15 24 01 00 00                                  .$...
2017-09-05 13:49:07.613          ipc.c  PBXIPC-SIP. RX. trace 
2017-09-05 13:49:07.613          ipc.c  		# trace-level [0]
2017-09-05 13:49:07.616      ipc_msg.c !ipc_msg_parse: msg type = trace [21]
2017-09-05 13:49:07.616      ipc_msg.c  get_ie: ie [36][trace-level] size [1]
2017-09-05 13:49:07.616          ipc.c  ipc_process: msg ptr = 0x393608. type [21]
2017-09-05 13:49:07.630          app.c  set log_level 0
