2017-09-01 13:56:03.831          app.c !Eltex pa_sip 3.1.6.67. Log started
2017-09-01 13:56:03.831          app.c  set log_level 5
2017-09-01 13:56:03.831          ipc.c  pbx-ipc SIP: TX (005)
2017-09-01 13:56:03.831          ipc.c  		 15 24 01 00 05                                  .$...
2017-09-01 13:56:03.831          ipc.c  PBXIPC-SIP. TX. trace 
2017-09-01 13:56:03.831          ipc.c  		# trace-level [5]
2017-09-01 13:56:13.994          ipc.c !pbx-ipc SIP: RX (419)
2017-09-01 13:56:13.994          ipc.c  		 01 01 02 00 0A 04 03 02 00 01 00 23 0C 00 31 30 ...........#..10
2017-09-01 13:56:13.994          ipc.c  		 2E 33 32 2E 32 35 35 2E 32 32 05 02 00 C4 13 08 .32.255.22......
2017-09-01 13:56:13.994          ipc.c  		 2F 00 01 01 00 00 02 00 00 00 00 00 00 07 00 00 /...............
2017-09-01 13:56:13.994          ipc.c  		 00 33 37 30 34 30 32 30 00 00 00 00 00 00 00 00 .3704020........
2017-09-01 13:56:13.994          ipc.c  		 00 00 00 00 00 00 00 00 00 00 00 00 00 00 00 00 ................
2017-09-01 13:56:13.994          ipc.c  		 00 0A 2F 00 01 00 02 0A 02 00 00 00 00 00 00 09 ../.............
2017-09-01 13:56:13.994          ipc.c  		 00 00 00 35 36 33 37 32 30 32 38 34 00 00 00 00 ...563720284....
2017-09-01 13:56:13.994          ipc.c  		 00 00 00 00 00 00 00 00 00 00 00 00 00 00 00 00 ................
2017-09-01 13:56:13.994          ipc.c  		 00 00 00 0E 1D 01 76 3D 30 0D 0A 6F 3D 6D 67 61 ......v=0..o=mga
2017-09-01 13:56:13.994          ipc.c  		 70 70 20 31 31 34 33 34 33 39 37 39 37 20 31 32 pp 1143439797 12
2017-09-01 13:56:13.994          ipc.c  		 39 33 33 38 32 36 34 37 20 49 4E 20 49 50 34 20 93382647 IN IP4 
2017-09-01 13:56:13.994          ipc.c  		 31 30 2E 33 37 2E 30 2E 33 36 0D 0A 73 3D 2D 0D 10.37.0.36..s=-.
2017-09-01 13:56:13.994          ipc.c  		 0A 63 3D 49 4E 20 49 50 34 20 31 30 2E 33 37 2E .c=IN IP4 10.37.
2017-09-01 13:56:13.994          ipc.c  		 30 2E 33 36 0D 0A 74 3D 30 20 30 0D 0A 6D 3D 61 0.36..t=0 0..m=a
2017-09-01 13:56:13.994          ipc.c  		 75 64 69 6F 20 32 30 30 32 32 20 52 54 50 2F 41 udio 20022 RTP/A
2017-09-01 13:56:13.994          ipc.c  		 56 50 20 38 20 30 20 31 38 20 31 30 31 0D 0A 61 VP 8 0 18 101..a
2017-09-01 13:56:13.994          ipc.c  		 3D 72 74 70 6D 61 70 3A 38 20 50 43 4D 41 2F 38 =rtpmap:8 PCMA/8
2017-09-01 13:56:13.994          ipc.c  		 30 30 30 0D 0A 61 3D 72 74 70 6D 61 70 3A 30 20 000..a=rtpmap:0 
2017-09-01 13:56:13.994          ipc.c  		 50 43 4D 55 2F 38 30 30 30 0D 0A 61 3D 72 74 70 PCMU/8000..a=rtp
2017-09-01 13:56:13.994          ipc.c  		 6D 61 70 3A 31 38 20 47 37 32 39 2F 38 30 30 30 map:18 G729/8000
2017-09-01 13:56:13.994          ipc.c  		 0D 0A 61 3D 66 6D 74 70 3A 31 38 20 61 6E 6E 65 ..a=fmtp:18 anne
2017-09-01 13:56:13.994          ipc.c  		 78 62 3D 6E 6F 0D 0A 61 3D 72 74 70 6D 61 70 3A xb=no..a=rtpmap:
2017-09-01 13:56:13.994          ipc.c  		 31 30 31 20 74 65 6C 65 70 68 6F 6E 65 2D 65 76 101 telephone-ev
2017-09-01 13:56:13.994          ipc.c  		 65 6E 74 2F 38 30 30 30 0D 0A 61 3D 66 6D 74 70 ent/8000..a=fmtp
2017-09-01 13:56:13.994          ipc.c  		 3A 31 30 31 20 30 2D 31 35 0D 0A 61 3D 70 74 69 :101 0-15..a=pti
2017-09-01 13:56:13.995          ipc.c  		 6D 65 3A 33 30 0D 0A 61 3D 73 65 6E 64 72 65 63 me:30..a=sendrec
2017-09-01 13:56:13.995          ipc.c  		 76 0D 0A                                        v..
2017-09-01 13:56:13.995          ipc.c  PBXIPC-SIP. RX. seize 
2017-09-01 13:56:13.995          ipc.c  		# callref 040a
2017-09-01 13:56:13.995          ipc.c  		# trunkID 01
2017-09-01 13:56:13.995          ipc.c  		# Hostname '10.32.255.22'
2017-09-01 13:56:13.995          ipc.c  		# port 5060
2017-09-01 13:56:13.995          ipc.c  		# cdpn <3704020> (7) cat 0x00
2017-09-01 13:56:13.995          ipc.c  		# cgpn <563720284> (9) cat 0x0a
2017-09-01 13:56:13.995          ipc.c  		# SDP len (285)
2017-09-01 13:56:13.995      ipc_msg.c !ipc_msg_parse: msg type = seize [1]
2017-09-01 13:56:13.995      ipc_msg.c  get_ie: ie [1][callref] size [2]
2017-09-01 13:56:13.995      ipc_msg.c  get_ie: ie [3][trunk-id] size [2]
2017-09-01 13:56:13.995      ipc_msg.c  get_ie: ie [35][hostname] size [12]
2017-09-01 13:56:13.995      ipc_msg.c  get_ie: ie [5][port] size [2]
2017-09-01 13:56:13.995      ipc_msg.c  get_ie: ie [8][cdpn] size [47]
2017-09-01 13:56:13.995      ipc_msg.c  get_ie: ie [10][cgpn] size [47]
2017-09-01 13:56:13.995      ipc_msg.c  get_ie: ie [14][sdp] size [285]
2017-09-01 13:56:13.995          ipc.c  ipc_process: msg ptr = 0x1eb4f0. type [1]
2017-09-01 13:56:13.995         call.c  call_seize: call 040a. try acquire. dest: <10.32.255.22:5060>
2017-09-01 13:56:13.995         call.c  call_seize: call 040a. sdp [285] <0x306440>
2017-09-01 13:56:13.995         call.c  call_seize: call 040a. try make call
2017-09-01 13:56:13.995         call.c  call_seize: call 040a. Encapsulate ISUP: 'NO'
2017-09-01 13:56:13.995         call.c  call_replace_sdp_ip: call 040a. Replace sdp ip by 10.37.0.36
2017-09-01 13:56:13.996    dlg0x277d2c  UAC dialog created
2017-09-01 13:56:13.996         call.c  make_call: call 040a.

R-URI   <sip:3704020@10.32.255.22:5060>
From    "563720284" <sip:563720284@10.37.0.36:5060;user=phone>
To      <sip:3704020@10.32.255.22:5060>
Contact <sip:563720284@10.37.0.36:5060>

2017-09-01 13:56:13.996         call.c  make_call: call 040a. sdp [285] <0x30a3e4> 

v=0
o=mgapp 1143439797 1293382647 IN IP4 10.37.0.36
s=-
c=IN IP4 10.37.0.36
t=0 0
m=audio 20022 RTP/AVP 8 0 18 101
a=rtpmap:8 PCMA/8000
a=rtpmap:0 PCMU/8000
a=rtpmap:18 G729/8000
a=fmtp:18 annexb=no
a=rtpmap:101 telephone-event/8000
a=fmtp:101 0-15
a=ptime:30
a=sendrecv

2017-09-01 13:56:13.996    dlg0x277d2c  Module mod-invite added as dialog usage, data=0x27852c
2017-09-01 13:56:13.996    dlg0x277d2c  Session count inc to 2 by mod-invite
2017-09-01 13:56:13.996    dlg0x277d2c  Module mod-100rel added as dialog usage, data=0x30bb7c
2017-09-01 13:56:13.996    dlg0x277d2c  100rel module attached
2017-09-01 13:56:13.996    inv0x277d2c  UAC invite session created for dialog dlg0x277d2c
2017-09-01 13:56:13.996       endpoint  Request msg INVITE/cseq=2532 (tdta0x30bbe8) created.
2017-09-01 13:56:13.996         call.c  make_call: call 040a. call <0x404aa7cc> inv <0x27852c> dlg <0x277d2c>
2017-09-01 13:56:13.996    inv0x277d2c  Sending Request msg INVITE/cseq=2532 (tdta0x30bbe8)
2017-09-01 13:56:13.996    dlg0x277d2c  Sending Request msg INVITE/cseq=2532 (tdta0x30bbe8)
2017-09-01 13:56:13.996    tsx0x311214  Transaction created for Request msg INVITE/cseq=2531 (tdta0x30bbe8)
2017-09-01 13:56:13.996    tsx0x311214  Sending Request msg INVITE/cseq=2531 (tdta0x30bbe8) in state Null
2017-09-01 13:56:13.997  sip_resolve.c  Target '10.32.255.22:5060' type=Unspecified resolved to '10.32.255.22:5060' type=UDP (UDP transport)
2017-09-01 13:56:13.997    tsx0x311214  State changed from Null to Calling, event=TX_MSG
2017-09-01 13:56:13.997    dlg0x277d2c  Transaction tsx0x311214 state changed to Calling
2017-09-01 13:56:13.997         call.c  call_on_state_changed: call 040a. changed to CALLING state with event TSX_STATE
2017-09-01 13:56:13.997         call.c  call_on_tsx_state_changed: call 040a. tsx 'tsx0x311214', role UAC, method INVITE, event TX_MSG, tsx-state: Calling
2017-09-01 13:56:13.997         call.c  call_on_tsx_state_changed: call 040a. INVITE UAC. status code [0]
2017-09-01 13:56:13.997         call.c  call_on_tsx_state_changed: call 040a. Unsupported status code 0 for not-answered call
2017-09-01 13:56:13.999 sip_endpoint.c !Processing incoming message: Response msg 100/INVITE/cseq=2531 (rdata0x307a24)
2017-09-01 13:56:13.999    tsx0x311214  Incoming Response msg 100/INVITE/cseq=2531 (rdata0x307a24) in state Calling
2017-09-01 13:56:13.999    tsx0x311214  State changed from Calling to Proceeding, event=RX_MSG
2017-09-01 13:56:13.999    dlg0x277d2c  Received Response msg 100/INVITE/cseq=2531 (rdata0x307a24)
2017-09-01 13:56:13.999    dlg0x277d2c  Transaction tsx0x311214 state changed to Proceeding
2017-09-01 13:56:13.999         call.c  call_on_tsx_state_changed: call 040a. tsx 'tsx0x311214', role UAC, method INVITE, event RX_MSG, tsx-state: Proceeding
2017-09-01 13:56:14.000         call.c  call_check_isup: call 040a. checking for ISUP presence
2017-09-01 13:56:14.000         call.c  call_check_isup: call 040a. ISUP message not found
2017-09-01 13:56:14.000         call.c  call_on_tsx_state_changed: call 040a. INVITE UAC. status code [100]
2017-09-01 13:56:14.000         call.c  call_on_tsx_state_changed: call 040a. Unsupported status code 100 for not-answered call
2017-09-01 13:56:14.015 sip_endpoint.c !Processing incoming message: Response msg 403/INVITE/cseq=2531 (rdata0x307a24)
2017-09-01 13:56:14.016    tsx0x311214  Incoming Response msg 403/INVITE/cseq=2531 (rdata0x307a24) in state Proceeding
2017-09-01 13:56:14.016       endpoint  Request msg ACK/cseq=2531 (tdta0x313900) created.
2017-09-01 13:56:14.016    tsx0x311214  State changed from Proceeding to Completed, event=RX_MSG
2017-09-01 13:56:14.016    dlg0x277d2c  Received Response msg 403/INVITE/cseq=2531 (rdata0x307a24)
2017-09-01 13:56:14.016    dlg0x277d2c  Transaction tsx0x311214 state changed to Completed
2017-09-01 13:56:14.016         call.c  call_on_state_changed: call 040a. changed to DISCONNCTD state with event TSX_STATE
2017-09-01 13:56:14.016         call.c  call_state_disconnected: call 040a. Disconnected. Event type TSX_STATE with response 403
2017-09-01 13:56:14.016         call.c  call_check_isup: call 040a. checking for ISUP presence
2017-09-01 13:56:14.016         call.c  call_check_isup: call 040a. ISUP message not found
2017-09-01 13:56:14.016          ipc.c  pbx-ipc SIP: TX (011)
2017-09-01 13:56:14.016          ipc.c  		 06 01 02 00 0A 04 10 02 00 93 01                ...........
2017-09-01 13:56:14.016          ipc.c  PBXIPC-SIP. TX. rel-req 
2017-09-01 13:56:14.016          ipc.c  		# callref 040a
2017-09-01 13:56:14.016          ipc.c  		# cause 403
2017-09-01 13:56:14.017    dlg0x277d2c  Session count dec to 1 by mod-invite
2017-09-01 13:56:14.017         call.c  call_on_tsx_state_changed: inv <0x27852c>, mod-data <(nil)>
2017-09-01 13:56:14.017   tdta0x30bbe8  Destroying txdata Request msg INVITE/cseq=2531 (tdta0x30bbe8)
2017-09-01 13:56:14.017          ipc.c !pbx-ipc SIP: RX (016)
2017-09-01 13:56:14.017          ipc.c  		 07 01 02 00 0A 04 29 02 00 15 00 10 02 00 93 01 ......).........
2017-09-01 13:56:14.017          ipc.c  PBXIPC-SIP. RX. rel-cplt 
2017-09-01 13:56:14.017          ipc.c  		# callref 040a
2017-09-01 13:56:14.017          ipc.c  		# q850-cause 21
2017-09-01 13:56:14.017          ipc.c  		# cause 403
2017-09-01 13:56:14.017      ipc_msg.c !ipc_msg_parse: msg type = rel-cplt [7]
2017-09-01 13:56:14.017      ipc_msg.c  get_ie: ie [1][callref] size [2]
2017-09-01 13:56:14.018      ipc_msg.c  get_ie: ie [41][q850-cause] size [2]
2017-09-01 13:56:14.018      ipc_msg.c  get_ie: ie [16][cause] size [2]
2017-09-01 13:56:14.018          ipc.c  ipc_process: msg ptr = 0x1eb4f0. type [7]
2017-09-01 13:56:14.018         call.c  call_release_complete: call 040a. release complete req w/cause 403
2017-09-01 13:56:15.435          ipc.c !pbx-ipc SIP: RX (005)
2017-09-01 13:56:15.435          ipc.c  		 15 24 01 00 00                                  .$...
2017-09-01 13:56:15.435          ipc.c  PBXIPC-SIP. RX. trace 
2017-09-01 13:56:15.435          ipc.c  		# trace-level [0]
2017-09-01 13:56:15.439      ipc_msg.c !ipc_msg_parse: msg type = trace [21]
2017-09-01 13:56:15.439      ipc_msg.c  get_ie: ie [36][trace-level] size [1]
2017-09-01 13:56:15.439          ipc.c  ipc_process: msg ptr = 0x1eb4f0. type [21]
2017-09-01 13:56:15.451          app.c  set log_level 0
