2017-09-01 11:57:47.824          app.c !Eltex pa_sip 3.1.6.67. Log started
2017-09-01 11:57:47.824          app.c  set log_level 5
2017-09-01 11:57:47.825          ipc.c  pbx-ipc SIP: TX (005)
2017-09-01 11:57:47.825          ipc.c  		 15 24 01 00 05                                  .$...
2017-09-01 11:57:47.825          ipc.c  PBXIPC-SIP. TX. trace 
2017-09-01 11:57:47.825          ipc.c  		# trace-level [5]
2017-09-01 11:57:59.621          ipc.c !pbx-ipc SIP: RX (419)
2017-09-01 11:57:59.621          ipc.c  		 01 01 02 00 01 04 03 02 00 01 00 23 0C 00 31 30 ...........#..10
2017-09-01 11:57:59.621          ipc.c  		 2E 33 32 2E 32 35 35 2E 32 32 05 02 00 C4 13 08 .32.255.22......
2017-09-01 11:57:59.621          ipc.c  		 2F 00 01 01 00 00 02 00 00 00 00 00 00 09 00 00 /...............
2017-09-01 11:57:59.621          ipc.c  		 00 35 36 33 37 30 34 30 32 30 00 00 00 00 00 00 .563704020......
2017-09-01 11:57:59.621          ipc.c  		 00 00 00 00 00 00 00 00 00 00 00 00 00 00 00 00 ................
2017-09-01 11:57:59.621          ipc.c  		 00 0A 2F 00 01 00 02 0A 02 00 00 00 00 00 00 05 ../.............
2017-09-01 11:57:59.621          ipc.c  		 00 00 00 35 36 32 38 34 00 00 00 00 00 00 00 00 ...56284........
2017-09-01 11:57:59.621          ipc.c  		 00 00 00 00 00 00 00 00 00 00 00 00 00 00 00 00 ................
2017-09-01 11:57:59.621          ipc.c  		 00 00 00 0E 1D 01 76 3D 30 0D 0A 6F 3D 6D 67 61 ......v=0..o=mga
2017-09-01 11:57:59.621          ipc.c  		 70 70 20 31 36 32 34 37 33 36 30 38 34 20 31 39 pp 1624736084 19
2017-09-01 11:57:59.621          ipc.c  		 30 31 37 35 31 30 33 38 20 49 4E 20 49 50 34 20 01751038 IN IP4 
2017-09-01 11:57:59.621          ipc.c  		 31 30 2E 33 37 2E 30 2E 33 36 0D 0A 73 3D 2D 0D 10.37.0.36..s=-.
2017-09-01 11:57:59.621          ipc.c  		 0A 63 3D 49 4E 20 49 50 34 20 31 30 2E 33 37 2E .c=IN IP4 10.37.
2017-09-01 11:57:59.621          ipc.c  		 30 2E 33 36 0D 0A 74 3D 30 20 30 0D 0A 6D 3D 61 0.36..t=0 0..m=a
2017-09-01 11:57:59.621          ipc.c  		 75 64 69 6F 20 32 30 30 30 32 20 52 54 50 2F 41 udio 20002 RTP/A
2017-09-01 11:57:59.621          ipc.c  		 56 50 20 38 20 30 20 31 38 20 31 30 31 0D 0A 61 VP 8 0 18 101..a
2017-09-01 11:57:59.621          ipc.c  		 3D 72 74 70 6D 61 70 3A 38 20 50 43 4D 41 2F 38 =rtpmap:8 PCMA/8
2017-09-01 11:57:59.621          ipc.c  		 30 30 30 0D 0A 61 3D 72 74 70 6D 61 70 3A 30 20 000..a=rtpmap:0 
2017-09-01 11:57:59.621          ipc.c  		 50 43 4D 55 2F 38 30 30 30 0D 0A 61 3D 72 74 70 PCMU/8000..a=rtp
2017-09-01 11:57:59.621          ipc.c  		 6D 61 70 3A 31 38 20 47 37 32 39 2F 38 30 30 30 map:18 G729/8000
2017-09-01 11:57:59.621          ipc.c  		 0D 0A 61 3D 66 6D 74 70 3A 31 38 20 61 6E 6E 65 ..a=fmtp:18 anne
2017-09-01 11:57:59.621          ipc.c  		 78 62 3D 6E 6F 0D 0A 61 3D 72 74 70 6D 61 70 3A xb=no..a=rtpmap:
2017-09-01 11:57:59.621          ipc.c  		 31 30 31 20 74 65 6C 65 70 68 6F 6E 65 2D 65 76 101 telephone-ev
2017-09-01 11:57:59.621          ipc.c  		 65 6E 74 2F 38 30 30 30 0D 0A 61 3D 66 6D 74 70 ent/8000..a=fmtp
2017-09-01 11:57:59.622          ipc.c  		 3A 31 30 31 20 30 2D 31 35 0D 0A 61 3D 70 74 69 :101 0-15..a=pti
2017-09-01 11:57:59.622          ipc.c  		 6D 65 3A 33 30 0D 0A 61 3D 73 65 6E 64 72 65 63 me:30..a=sendrec
2017-09-01 11:57:59.622          ipc.c  		 76 0D 0A                                        v..
2017-09-01 11:57:59.622          ipc.c  PBXIPC-SIP. RX. seize 
2017-09-01 11:57:59.622          ipc.c  		# callref 0401
2017-09-01 11:57:59.622          ipc.c  		# trunkID 01
2017-09-01 11:57:59.622          ipc.c  		# Hostname '10.32.255.22'
2017-09-01 11:57:59.622          ipc.c  		# port 5060
2017-09-01 11:57:59.622          ipc.c  		# cdpn <563704020> (9) cat 0x00
2017-09-01 11:57:59.622          ipc.c  		# cgpn <56284> (5) cat 0x0a
2017-09-01 11:57:59.622          ipc.c  		# SDP len (285)
2017-09-01 11:57:59.625      ipc_msg.c !ipc_msg_parse: msg type = seize [1]
2017-09-01 11:57:59.625      ipc_msg.c  get_ie: ie [1][callref] size [2]
2017-09-01 11:57:59.625      ipc_msg.c  get_ie: ie [3][trunk-id] size [2]
2017-09-01 11:57:59.625      ipc_msg.c  get_ie: ie [35][hostname] size [12]
2017-09-01 11:57:59.625      ipc_msg.c  get_ie: ie [5][port] size [2]
2017-09-01 11:57:59.625      ipc_msg.c  get_ie: ie [8][cdpn] size [47]
2017-09-01 11:57:59.625      ipc_msg.c  get_ie: ie [10][cgpn] size [47]
2017-09-01 11:57:59.625      ipc_msg.c  get_ie: ie [14][sdp] size [285]
2017-09-01 11:57:59.625          ipc.c  ipc_process: msg ptr = 0x1eb4f0. type [1]
2017-09-01 11:57:59.625         call.c  call_seize: call 0401. try acquire. dest: <10.32.255.22:5060>
2017-09-01 11:57:59.625         call.c  call_seize: call 0401. sdp [285] <0x306440>
2017-09-01 11:57:59.625         call.c  call_seize: call 0401. try make call
2017-09-01 11:57:59.625         call.c  call_seize: call 0401. Encapsulate ISUP: 'NO'
2017-09-01 11:57:59.625         call.c  call_replace_sdp_ip: call 0401. Replace sdp ip by 10.37.0.36
2017-09-01 11:57:59.626    dlg0x3073d4  UAC dialog created
2017-09-01 11:57:59.626         call.c  make_call: call 0401.

R-URI   <sip:563704020@10.32.255.22:5060>
From    "56284" <sip:56284@10.37.0.36:5060;user=phone>
To      <sip:563704020@10.32.255.22:5060>
Contact <sip:56284@10.37.0.36:5060>

2017-09-01 11:57:59.626         call.c  make_call: call 0401. sdp [285] <0x2771f4> 

v=0
o=mgapp 1624736084 1901751038 IN IP4 10.37.0.36
s=-
c=IN IP4 10.37.0.36
t=0 0
m=audio 20002 RTP/AVP 8 0 18 101
a=rtpmap:8 PCMA/8000
a=rtpmap:0 PCMU/8000
a=rtpmap:18 G729/8000
a=fmtp:18 annexb=no
a=rtpmap:101 telephone-event/8000
a=fmtp:101 0-15
a=ptime:30
a=sendrecv

2017-09-01 11:57:59.626    dlg0x3073d4  Module mod-invite added as dialog usage, data=0x307bd4
2017-09-01 11:57:59.626    dlg0x3073d4  Session count inc to 2 by mod-invite
2017-09-01 11:57:59.626    dlg0x3073d4  Module mod-100rel added as dialog usage, data=0x278b94
2017-09-01 11:57:59.626    dlg0x3073d4  100rel module attached
2017-09-01 11:57:59.626    inv0x3073d4  UAC invite session created for dialog dlg0x3073d4
2017-09-01 11:57:59.626       endpoint  Request msg INVITE/cseq=28418 (tdta0x309840) created.
2017-09-01 11:57:59.626         call.c  make_call: call 0401. call <0x404a8414> inv <0x307bd4> dlg <0x3073d4>
2017-09-01 11:57:59.626    inv0x3073d4  Sending Request msg INVITE/cseq=28418 (tdta0x309840)
2017-09-01 11:57:59.626    dlg0x3073d4  Sending Request msg INVITE/cseq=28418 (tdta0x309840)
2017-09-01 11:57:59.626    tsx0x3110fc  Transaction created for Request msg INVITE/cseq=28417 (tdta0x309840)
2017-09-01 11:57:59.626    tsx0x3110fc  Sending Request msg INVITE/cseq=28417 (tdta0x309840) in state Null
2017-09-01 11:57:59.626  sip_resolve.c  Target '10.32.255.22:5060' type=Unspecified resolved to '10.32.255.22:5060' type=UDP (UDP transport)
2017-09-01 11:57:59.627    tsx0x3110fc  State changed from Null to Calling, event=TX_MSG
2017-09-01 11:57:59.627    dlg0x3073d4  Transaction tsx0x3110fc state changed to Calling
2017-09-01 11:57:59.627         call.c  call_on_state_changed: call 0401. changed to CALLING state with event TSX_STATE
2017-09-01 11:57:59.627         call.c  call_on_tsx_state_changed: call 0401. tsx 'tsx0x3110fc', role UAC, method INVITE, event TX_MSG, tsx-state: Calling
2017-09-01 11:57:59.627         call.c  call_on_tsx_state_changed: call 0401. INVITE UAC. status code [0]
2017-09-01 11:57:59.627         call.c  call_on_tsx_state_changed: call 0401. Unsupported status code 0 for not-answered call
2017-09-01 11:57:59.630 sip_endpoint.c  Processing incoming message: Response msg 100/INVITE/cseq=28417 (rdata0x30c214)
2017-09-01 11:57:59.630    tsx0x3110fc  Incoming Response msg 100/INVITE/cseq=28417 (rdata0x30c214) in state Calling
2017-09-01 11:57:59.630    tsx0x3110fc  State changed from Calling to Proceeding, event=RX_MSG
2017-09-01 11:57:59.630    dlg0x3073d4  Received Response msg 100/INVITE/cseq=28417 (rdata0x30c214)
2017-09-01 11:57:59.630    dlg0x3073d4  Transaction tsx0x3110fc state changed to Proceeding
2017-09-01 11:57:59.630         call.c  call_on_tsx_state_changed: call 0401. tsx 'tsx0x3110fc', role UAC, method INVITE, event RX_MSG, tsx-state: Proceeding
2017-09-01 11:57:59.630         call.c  call_check_isup: call 0401. checking for ISUP presence
2017-09-01 11:57:59.630         call.c  call_check_isup: call 0401. ISUP message not found
2017-09-01 11:57:59.630         call.c  call_on_tsx_state_changed: call 0401. INVITE UAC. status code [100]
2017-09-01 11:57:59.630         call.c  call_on_tsx_state_changed: call 0401. Unsupported status code 100 for not-answered call
2017-09-01 11:57:59.645 sip_endpoint.c !Processing incoming message: Response msg 403/INVITE/cseq=28417 (rdata0x30c214)
2017-09-01 11:57:59.646    tsx0x3110fc  Incoming Response msg 403/INVITE/cseq=28417 (rdata0x30c214) in state Proceeding
2017-09-01 11:57:59.646       endpoint  Request msg ACK/cseq=28417 (tdta0x3137e8) created.
2017-09-01 11:57:59.646    tsx0x3110fc  State changed from Proceeding to Completed, event=RX_MSG
2017-09-01 11:57:59.646    dlg0x3073d4  Received Response msg 403/INVITE/cseq=28417 (rdata0x30c214)
2017-09-01 11:57:59.646    dlg0x3073d4  Transaction tsx0x3110fc state changed to Completed
2017-09-01 11:57:59.646         call.c  call_on_state_changed: call 0401. changed to DISCONNCTD state with event TSX_STATE
2017-09-01 11:57:59.646         call.c  call_state_disconnected: call 0401. Disconnected. Event type TSX_STATE with response 403
2017-09-01 11:57:59.646         call.c  call_check_isup: call 0401. checking for ISUP presence
2017-09-01 11:57:59.646         call.c  call_check_isup: call 0401. ISUP message not found
2017-09-01 11:57:59.646          ipc.c  pbx-ipc SIP: TX (011)
2017-09-01 11:57:59.646          ipc.c  		 06 01 02 00 01 04 10 02 00 93 01                ...........
2017-09-01 11:57:59.646          ipc.c  PBXIPC-SIP. TX. rel-req 
2017-09-01 11:57:59.646          ipc.c  		# callref 0401
2017-09-01 11:57:59.646          ipc.c  		# cause 403
2017-09-01 11:57:59.647    dlg0x3073d4  Session count dec to 1 by mod-invite
2017-09-01 11:57:59.647         call.c  call_on_tsx_state_changed: inv <0x307bd4>, mod-data <(nil)>
2017-09-01 11:57:59.647   tdta0x309840  Destroying txdata Request msg INVITE/cseq=28417 (tdta0x309840)
2017-09-01 11:57:59.647          ipc.c !pbx-ipc SIP: RX (016)
2017-09-01 11:57:59.647          ipc.c  		 07 01 02 00 01 04 29 02 00 15 00 10 02 00 93 01 ......).........
2017-09-01 11:57:59.647          ipc.c  PBXIPC-SIP. RX. rel-cplt 
2017-09-01 11:57:59.647          ipc.c  		# callref 0401
2017-09-01 11:57:59.647          ipc.c  		# q850-cause 21
2017-09-01 11:57:59.647          ipc.c  		# cause 403
2017-09-01 11:57:59.657      ipc_msg.c !ipc_msg_parse: msg type = rel-cplt [7]
2017-09-01 11:57:59.657      ipc_msg.c  get_ie: ie [1][callref] size [2]
2017-09-01 11:57:59.657      ipc_msg.c  get_ie: ie [41][q850-cause] size [2]
2017-09-01 11:57:59.657      ipc_msg.c  get_ie: ie [16][cause] size [2]
2017-09-01 11:57:59.657          ipc.c  ipc_process: msg ptr = 0x1eb4f0. type [7]
2017-09-01 11:57:59.657         call.c  call_release_complete: call 0401. release complete req w/cause 403
2017-09-01 11:58:02.726          ipc.c !pbx-ipc SIP: RX (005)
2017-09-01 11:58:02.726          ipc.c  		 15 24 01 00 00                                  .$...
2017-09-01 11:58:02.726          ipc.c  PBXIPC-SIP. RX. trace 
2017-09-01 11:58:02.726          ipc.c  		# trace-level [0]
2017-09-01 11:58:02.728      ipc_msg.c !ipc_msg_parse: msg type = trace [21]
2017-09-01 11:58:02.728      ipc_msg.c  get_ie: ie [36][trace-level] size [1]
2017-09-01 11:58:02.728          ipc.c  ipc_process: msg ptr = 0x1eb4f0. type [21]
2017-09-01 11:58:02.738          app.c  set log_level 0
