2017-08-31 16:31:23.574          app.c !Eltex pa_sip 3.1.6.67. Log started
2017-08-31 16:31:23.574          app.c  set log_level 5
2017-08-31 16:31:23.574          ipc.c  pbx-ipc SIP: TX (005)
2017-08-31 16:31:23.574          ipc.c  		 15 24 01 00 05                                  .$...
2017-08-31 16:31:23.574          ipc.c  PBXIPC-SIP. TX. trace 
2017-08-31 16:31:23.574          ipc.c  		# trace-level [5]
2017-08-31 16:31:31.409    tsx0x30af64 !Timeout timer event
2017-08-31 16:31:31.409    tsx0x30af64  State changed from Completed to Terminated, event=TIMER
2017-08-31 16:31:31.409    dlg0x275d9c  Transaction tsx0x30af64 state changed to Terminated
2017-08-31 16:31:31.409         call.c  call_on_tsx_state_changed: inv <0x301c4c>, mod-data <(nil)>
2017-08-31 16:31:31.409    dlg0x275d9c  Dialog destroyed
2017-08-31 16:31:31.409    tsx0x30af64  Timeout timer event
2017-08-31 16:31:31.409    tsx0x30af64  State changed from Terminated to Destroyed, event=TIMER
2017-08-31 16:31:31.409   tdta0x30f7a0  Destroying txdata Request msg ACK/cseq=3411 (tdta0x30f7a0)
2017-08-31 16:31:31.409    tsx0x30af64  Transaction destroyed!
2017-08-31 16:31:36.442          ipc.c !pbx-ipc SIP: RX (417)
2017-08-31 16:31:36.442          ipc.c  		 01 01 02 00 16 04 03 02 00 01 00 23 0C 00 31 30 ...........#..10
2017-08-31 16:31:36.442          ipc.c  		 2E 33 32 2E 32 35 35 2E 32 32 05 02 00 C4 13 08 .32.255.22......
2017-08-31 16:31:36.442          ipc.c  		 2F 00 01 01 00 00 02 00 00 00 00 00 00 07 00 00 /...............
2017-08-31 16:31:36.442          ipc.c  		 00 33 37 30 34 30 32 30 00 00 00 00 00 00 00 00 .3704020........
2017-08-31 16:31:36.442          ipc.c  		 00 00 00 00 00 00 00 00 00 00 00 00 00 00 00 00 ................
2017-08-31 16:31:36.442          ipc.c  		 00 0A 2F 00 01 00 03 0A 02 00 00 00 00 00 00 08 ../.............
2017-08-31 16:31:36.442          ipc.c  		 00 00 00 33 38 30 35 36 32 38 34 00 00 00 00 00 ...38056284.....
2017-08-31 16:31:36.442          ipc.c  		 00 00 00 00 00 00 00 00 00 00 00 00 00 00 00 00 ................
2017-08-31 16:31:36.442          ipc.c  		 00 00 00 0E 1B 01 76 3D 30 0D 0A 6F 3D 6D 67 61 ......v=0..o=mga
2017-08-31 16:31:36.442          ipc.c  		 70 70 20 37 31 34 31 39 37 36 35 34 20 37 35 36 pp 714197654 756
2017-08-31 16:31:36.442          ipc.c  		 37 34 34 38 30 38 20 49 4E 20 49 50 34 20 31 30 744808 IN IP4 10
2017-08-31 16:31:36.442          ipc.c  		 2E 33 37 2E 30 2E 33 36 0D 0A 73 3D 2D 0D 0A 63 .37.0.36..s=-..c
2017-08-31 16:31:36.442          ipc.c  		 3D 49 4E 20 49 50 34 20 31 30 2E 33 37 2E 30 2E =IN IP4 10.37.0.
2017-08-31 16:31:36.442          ipc.c  		 33 36 0D 0A 74 3D 30 20 30 0D 0A 6D 3D 61 75 64 36..t=0 0..m=aud
2017-08-31 16:31:36.442          ipc.c  		 69 6F 20 32 30 30 32 32 20 52 54 50 2F 41 56 50 io 20022 RTP/AVP
2017-08-31 16:31:36.442          ipc.c  		 20 38 20 30 20 31 38 20 31 30 31 0D 0A 61 3D 72  8 0 18 101..a=r
2017-08-31 16:31:36.442          ipc.c  		 74 70 6D 61 70 3A 38 20 50 43 4D 41 2F 38 30 30 tpmap:8 PCMA/800
2017-08-31 16:31:36.442          ipc.c  		 30 0D 0A 61 3D 72 74 70 6D 61 70 3A 30 20 50 43 0..a=rtpmap:0 PC
2017-08-31 16:31:36.442          ipc.c  		 4D 55 2F 38 30 30 30 0D 0A 61 3D 72 74 70 6D 61 MU/8000..a=rtpma
2017-08-31 16:31:36.442          ipc.c  		 70 3A 31 38 20 47 37 32 39 2F 38 30 30 30 0D 0A p:18 G729/8000..
2017-08-31 16:31:36.442          ipc.c  		 61 3D 66 6D 74 70 3A 31 38 20 61 6E 6E 65 78 62 a=fmtp:18 annexb
2017-08-31 16:31:36.442          ipc.c  		 3D 6E 6F 0D 0A 61 3D 72 74 70 6D 61 70 3A 31 30 =no..a=rtpmap:10
2017-08-31 16:31:36.442          ipc.c  		 31 20 74 65 6C 65 70 68 6F 6E 65 2D 65 76 65 6E 1 telephone-even
2017-08-31 16:31:36.442          ipc.c  		 74 2F 38 30 30 30 0D 0A 61 3D 66 6D 74 70 3A 31 t/8000..a=fmtp:1
2017-08-31 16:31:36.442          ipc.c  		 30 31 20 30 2D 31 35 0D 0A 61 3D 70 74 69 6D 65 01 0-15..a=ptime
2017-08-31 16:31:36.442          ipc.c  		 3A 33 30 0D 0A 61 3D 73 65 6E 64 72 65 63 76 0D :30..a=sendrecv.
2017-08-31 16:31:36.442          ipc.c  		 0A                                              .
2017-08-31 16:31:36.443          ipc.c  PBXIPC-SIP. RX. seize 
2017-08-31 16:31:36.443          ipc.c  		# callref 0416
2017-08-31 16:31:36.443          ipc.c  		# trunkID 01
2017-08-31 16:31:36.443          ipc.c  		# Hostname '10.32.255.22'
2017-08-31 16:31:36.443          ipc.c  		# port 5060
2017-08-31 16:31:36.443          ipc.c  		# cdpn <3704020> (7) cat 0x00
2017-08-31 16:31:36.443          ipc.c  		# cgpn <38056284> (8) cat 0x0a
2017-08-31 16:31:36.443          ipc.c  		# SDP len (283)
2017-08-31 16:31:36.445      ipc_msg.c !ipc_msg_parse: msg type = seize [1]
2017-08-31 16:31:36.445      ipc_msg.c  get_ie: ie [1][callref] size [2]
2017-08-31 16:31:36.445      ipc_msg.c  get_ie: ie [3][trunk-id] size [2]
2017-08-31 16:31:36.445      ipc_msg.c  get_ie: ie [35][hostname] size [12]
2017-08-31 16:31:36.445      ipc_msg.c  get_ie: ie [5][port] size [2]
2017-08-31 16:31:36.445      ipc_msg.c  get_ie: ie [8][cdpn] size [47]
2017-08-31 16:31:36.445      ipc_msg.c  get_ie: ie [10][cgpn] size [47]
2017-08-31 16:31:36.445      ipc_msg.c  get_ie: ie [14][sdp] size [283]
2017-08-31 16:31:36.445          ipc.c  ipc_process: msg ptr = 0x3032f0. type [1]
2017-08-31 16:31:36.445         call.c  call_seize: call 0416. try acquire. dest: <10.32.255.22:5060>
2017-08-31 16:31:36.445         call.c  call_seize: call 0416. sdp [283] <0x301ad0>
2017-08-31 16:31:36.445         call.c  call_number_check_int: call 0416. Number '38056284' type is 'international' - adding '+'
2017-08-31 16:31:36.445         call.c  call_seize: call 0416. try make call
2017-08-31 16:31:36.445         call.c  call_seize: call 0416. Encapsulate ISUP: 'NO'
2017-08-31 16:31:36.445         call.c  call_replace_sdp_ip: call 0416. Replace sdp ip by 10.37.0.36
2017-08-31 16:31:36.446    dlg0x30aefc  UAC dialog created
2017-08-31 16:31:36.446         call.c  make_call: call 0416.

R-URI   <sip:3704020@10.32.255.22:5060>
From    "38056284" <sip:+38056284@10.37.0.36:5060;user=phone>
To      <sip:3704020@10.32.255.22:5060>
Contact <sip:+38056284@10.37.0.36:5060>

2017-08-31 16:31:36.446         call.c  make_call: call 0416. sdp [294] <0x27554c> 

v=0
o=mgapp 714197654 756744808 IN IP4 10.37.0.36
s=-
c=IN IP4 10.37.0.36
t=0 0
m=audio 20022 RTP/AVP 8 0 18 101
a=rtpmap:8 PCMA/8000
a=rtpmap:0 PCMU/8000
a=rtpmap:18 G729/8000
a=fmtp:18 annexb=no
a=rtpmap:101 telephone-event/8000
a=fmtp:101 0-15
a=ptime:30
a=sendrecv
ÿ*¨ÿÿ)¨ÿÿ;I
2017-08-31 16:31:36.446    dlg0x30aefc  Module mod-invite added as dialog usage, data=0x301c4c
2017-08-31 16:31:36.446    dlg0x30aefc  Session count inc to 2 by mod-invite
2017-08-31 16:31:36.446    dlg0x30aefc  Module mod-100rel added as dialog usage, data=0x2768dc
2017-08-31 16:31:36.446    dlg0x30aefc  100rel module attached
2017-08-31 16:31:36.446    inv0x30aefc  UAC invite session created for dialog dlg0x30aefc
2017-08-31 16:31:36.446       endpoint  Request msg INVITE/cseq=18677 (tdta0x30b6a0) created.
2017-08-31 16:31:36.446         call.c  make_call: call 0416. call <0x4050676c> inv <0x301c4c> dlg <0x30aefc>
2017-08-31 16:31:36.446    inv0x30aefc  Sending Request msg INVITE/cseq=18677 (tdta0x30b6a0)
2017-08-31 16:31:36.446    dlg0x30aefc  Sending Request msg INVITE/cseq=18677 (tdta0x30b6a0)
2017-08-31 16:31:36.446    tsx0x30d6b4  Transaction created for Request msg INVITE/cseq=18676 (tdta0x30b6a0)
2017-08-31 16:31:36.446    tsx0x30d6b4  Sending Request msg INVITE/cseq=18676 (tdta0x30b6a0) in state Null
2017-08-31 16:31:36.446  sip_resolve.c  Target '10.32.255.22:5060' type=Unspecified resolved to '10.32.255.22:5060' type=UDP (UDP transport)
2017-08-31 16:31:36.447    tsx0x30d6b4  State changed from Null to Calling, event=TX_MSG
2017-08-31 16:31:36.447    dlg0x30aefc  Transaction tsx0x30d6b4 state changed to Calling
2017-08-31 16:31:36.447         call.c  call_on_state_changed: call 0416. changed to CALLING state with event TSX_STATE
2017-08-31 16:31:36.447         call.c  call_on_tsx_state_changed: call 0416. tsx 'tsx0x30d6b4', role UAC, method INVITE, event TX_MSG, tsx-state: Calling
2017-08-31 16:31:36.447         call.c  call_on_tsx_state_changed: call 0416. INVITE UAC. status code [0]
2017-08-31 16:31:36.447         call.c  call_on_tsx_state_changed: call 0416. Unsupported status code 0 for not-answered call
2017-08-31 16:31:36.449 sip_endpoint.c  Processing incoming message: Response msg 100/INVITE/cseq=18676 (rdata0x308f64)
2017-08-31 16:31:36.449    tsx0x30d6b4  Incoming Response msg 100/INVITE/cseq=18676 (rdata0x308f64) in state Calling
2017-08-31 16:31:36.449    tsx0x30d6b4  State changed from Calling to Proceeding, event=RX_MSG
2017-08-31 16:31:36.449    dlg0x30aefc  Received Response msg 100/INVITE/cseq=18676 (rdata0x308f64)
2017-08-31 16:31:36.449    dlg0x30aefc  Transaction tsx0x30d6b4 state changed to Proceeding
2017-08-31 16:31:36.449         call.c  call_on_tsx_state_changed: call 0416. tsx 'tsx0x30d6b4', role UAC, method INVITE, event RX_MSG, tsx-state: Proceeding
2017-08-31 16:31:36.450         call.c  call_check_isup: call 0416. checking for ISUP presence
2017-08-31 16:31:36.450         call.c  call_check_isup: call 0416. ISUP message not found
2017-08-31 16:31:36.450         call.c  call_on_tsx_state_changed: call 0416. INVITE UAC. status code [100]
2017-08-31 16:31:36.450         call.c  call_on_tsx_state_changed: call 0416. Unsupported status code 100 for not-answered call
2017-08-31 16:31:36.468 sip_endpoint.c !Processing incoming message: Response msg 403/INVITE/cseq=18676 (rdata0x308d6c)
2017-08-31 16:31:36.468    tsx0x30d6b4  Incoming Response msg 403/INVITE/cseq=18676 (rdata0x308d6c) in state Proceeding
2017-08-31 16:31:36.468       endpoint  Request msg ACK/cseq=18676 (tdta0x30fda0) created.
2017-08-31 16:31:36.469    tsx0x30d6b4  State changed from Proceeding to Completed, event=RX_MSG
2017-08-31 16:31:36.469    dlg0x30aefc  Received Response msg 403/INVITE/cseq=18676 (rdata0x308d6c)
2017-08-31 16:31:36.469    dlg0x30aefc  Transaction tsx0x30d6b4 state changed to Completed
2017-08-31 16:31:36.469         call.c  call_on_state_changed: call 0416. changed to DISCONNCTD state with event TSX_STATE
2017-08-31 16:31:36.469         call.c  call_state_disconnected: call 0416. Disconnected. Event type TSX_STATE with response 403
2017-08-31 16:31:36.469         call.c  call_check_isup: call 0416. checking for ISUP presence
2017-08-31 16:31:36.469         call.c  call_check_isup: call 0416. ISUP message not found
2017-08-31 16:31:36.469          ipc.c  pbx-ipc SIP: TX (011)
2017-08-31 16:31:36.469          ipc.c  		 06 01 02 00 16 04 10 02 00 93 01                ...........
2017-08-31 16:31:36.469          ipc.c  PBXIPC-SIP. TX. rel-req 
2017-08-31 16:31:36.469          ipc.c  		# callref 0416
2017-08-31 16:31:36.469          ipc.c  		# cause 403
2017-08-31 16:31:36.469    dlg0x30aefc  Session count dec to 1 by mod-invite
2017-08-31 16:31:36.469         call.c  call_on_tsx_state_changed: inv <0x301c4c>, mod-data <(nil)>
2017-08-31 16:31:36.469   tdta0x30b6a0  Destroying txdata Request msg INVITE/cseq=18676 (tdta0x30b6a0)
2017-08-31 16:31:36.470          ipc.c !pbx-ipc SIP: RX (016)
2017-08-31 16:31:36.470          ipc.c  		 07 01 02 00 16 04 29 02 00 15 00 10 02 00 93 01 ......).........
2017-08-31 16:31:36.470          ipc.c  PBXIPC-SIP. RX. rel-cplt 
2017-08-31 16:31:36.470          ipc.c  		# callref 0416
2017-08-31 16:31:36.470          ipc.c  		# q850-cause 21
2017-08-31 16:31:36.470          ipc.c  		# cause 403
2017-08-31 16:31:36.480      ipc_msg.c !ipc_msg_parse: msg type = rel-cplt [7]
2017-08-31 16:31:36.480      ipc_msg.c  get_ie: ie [1][callref] size [2]
2017-08-31 16:31:36.480      ipc_msg.c  get_ie: ie [41][q850-cause] size [2]
2017-08-31 16:31:36.480      ipc_msg.c  get_ie: ie [16][cause] size [2]
2017-08-31 16:31:36.480          ipc.c  ipc_process: msg ptr = 0x3032f0. type [7]
2017-08-31 16:31:36.480         call.c  call_release_complete: call 0416. release complete req w/cause 403
2017-08-31 16:31:39.287          ipc.c !pbx-ipc SIP: RX (005)
2017-08-31 16:31:39.287          ipc.c  		 15 24 01 00 00                                  .$...
2017-08-31 16:31:39.287          ipc.c  PBXIPC-SIP. RX. trace 
2017-08-31 16:31:39.287          ipc.c  		# trace-level [0]
2017-08-31 16:31:39.287      ipc_msg.c !ipc_msg_parse: msg type = trace [21]
2017-08-31 16:31:39.287      ipc_msg.c  get_ie: ie [36][trace-level] size [1]
2017-08-31 16:31:39.287          ipc.c  ipc_process: msg ptr = 0x3032f0. type [21]
2017-08-31 16:31:39.297          app.c  set log_level 0
