2017-09-01 13:49:25.766          app.c !Eltex pa_sip 3.1.6.67. Log started
2017-09-01 13:49:25.766          app.c  set log_level 5
2017-09-01 13:49:25.766          ipc.c  pbx-ipc SIP: TX (005)
2017-09-01 13:49:25.766          ipc.c  		 15 24 01 00 05                                  .$...
2017-09-01 13:49:25.766          ipc.c  PBXIPC-SIP. TX. trace 
2017-09-01 13:49:25.767          ipc.c  		# trace-level [5]
2017-09-01 13:49:35.219    tsx0x30af54 !Timeout timer event
2017-09-01 13:49:35.219    tsx0x30af54  State changed from Completed to Terminated, event=TIMER
2017-09-01 13:49:35.219    dlg0x307a74  Transaction tsx0x30af54 state changed to Terminated
2017-09-01 13:49:35.219         call.c  call_on_tsx_state_changed: inv <0x278244>, mod-data <(nil)>
2017-09-01 13:49:35.219    dlg0x307a74  Dialog destroyed
2017-09-01 13:49:35.219    tsx0x30af54  Timeout timer event
2017-09-01 13:49:35.219    tsx0x30af54  State changed from Terminated to Destroyed, event=TIMER
2017-09-01 13:49:35.220   tdta0x3130f8  Destroying txdata Request msg ACK/cseq=4084 (tdta0x3130f8)
2017-09-01 13:49:35.220    tsx0x30af54  Transaction destroyed!
2017-09-01 13:49:37.260          ipc.c !pbx-ipc SIP: RX (418)
2017-09-01 13:49:37.260          ipc.c  		 01 01 02 00 07 04 03 02 00 01 00 23 0C 00 31 30 ...........#..10
2017-09-01 13:49:37.261          ipc.c  		 2E 33 32 2E 32 35 35 2E 32 32 05 02 00 C4 13 08 .32.255.22......
2017-09-01 13:49:37.261          ipc.c  		 2F 00 01 01 00 00 02 00 00 00 00 00 00 07 00 00 /...............
2017-09-01 13:49:37.261          ipc.c  		 00 33 37 30 34 30 32 30 00 00 00 00 00 00 00 00 .3704020........
2017-09-01 13:49:37.261          ipc.c  		 00 00 00 00 00 00 00 00 00 00 00 00 00 00 00 00 ................
2017-09-01 13:49:37.261          ipc.c  		 00 0A 2F 00 01 00 02 0A 02 00 00 00 00 00 00 09 ../.............
2017-09-01 13:49:37.261          ipc.c  		 00 00 00 35 36 33 37 32 30 32 38 34 00 00 00 00 ...563720284....
2017-09-01 13:49:37.261          ipc.c  		 00 00 00 00 00 00 00 00 00 00 00 00 00 00 00 00 ................
2017-09-01 13:49:37.261          ipc.c  		 00 00 00 0E 1C 01 76 3D 30 0D 0A 6F 3D 6D 67 61 ......v=0..o=mga
2017-09-01 13:49:37.261          ipc.c  		 70 70 20 36 30 31 35 36 34 37 32 35 20 31 38 35 pp 601564725 185
2017-09-01 13:49:37.261          ipc.c  		 35 36 37 31 35 31 38 20 49 4E 20 49 50 34 20 31 5671518 IN IP4 1
2017-09-01 13:49:37.261          ipc.c  		 30 2E 33 37 2E 30 2E 33 36 0D 0A 73 3D 2D 0D 0A 0.37.0.36..s=-..
2017-09-01 13:49:37.261          ipc.c  		 63 3D 49 4E 20 49 50 34 20 31 30 2E 33 37 2E 30 c=IN IP4 10.37.0
2017-09-01 13:49:37.261          ipc.c  		 2E 33 36 0D 0A 74 3D 30 20 30 0D 0A 6D 3D 61 75 .36..t=0 0..m=au
2017-09-01 13:49:37.261          ipc.c  		 64 69 6F 20 32 30 30 31 34 20 52 54 50 2F 41 56 dio 20014 RTP/AV
2017-09-01 13:49:37.261          ipc.c  		 50 20 38 20 30 20 31 38 20 31 30 31 0D 0A 61 3D P 8 0 18 101..a=
2017-09-01 13:49:37.261          ipc.c  		 72 74 70 6D 61 70 3A 38 20 50 43 4D 41 2F 38 30 rtpmap:8 PCMA/80
2017-09-01 13:49:37.261          ipc.c  		 30 30 0D 0A 61 3D 72 74 70 6D 61 70 3A 30 20 50 00..a=rtpmap:0 P
2017-09-01 13:49:37.261          ipc.c  		 43 4D 55 2F 38 30 30 30 0D 0A 61 3D 72 74 70 6D CMU/8000..a=rtpm
2017-09-01 13:49:37.261          ipc.c  		 61 70 3A 31 38 20 47 37 32 39 2F 38 30 30 30 0D ap:18 G729/8000.
2017-09-01 13:49:37.261          ipc.c  		 0A 61 3D 66 6D 74 70 3A 31 38 20 61 6E 6E 65 78 .a=fmtp:18 annex
2017-09-01 13:49:37.261          ipc.c  		 62 3D 6E 6F 0D 0A 61 3D 72 74 70 6D 61 70 3A 31 b=no..a=rtpmap:1
2017-09-01 13:49:37.261          ipc.c  		 30 31 20 74 65 6C 65 70 68 6F 6E 65 2D 65 76 65 01 telephone-eve
2017-09-01 13:49:37.261          ipc.c  		 6E 74 2F 38 30 30 30 0D 0A 61 3D 66 6D 74 70 3A nt/8000..a=fmtp:
2017-09-01 13:49:37.261          ipc.c  		 31 30 31 20 30 2D 31 35 0D 0A 61 3D 70 74 69 6D 101 0-15..a=ptim
2017-09-01 13:49:37.261          ipc.c  		 65 3A 33 30 0D 0A 61 3D 73 65 6E 64 72 65 63 76 e:30..a=sendrecv
2017-09-01 13:49:37.261          ipc.c  		 0D 0A                                           ..
2017-09-01 13:49:37.261          ipc.c  PBXIPC-SIP. RX. seize 
2017-09-01 13:49:37.261          ipc.c  		# callref 0407
2017-09-01 13:49:37.261          ipc.c  		# trunkID 01
2017-09-01 13:49:37.262          ipc.c  		# Hostname '10.32.255.22'
2017-09-01 13:49:37.262          ipc.c  		# port 5060
2017-09-01 13:49:37.262          ipc.c  		# cdpn <3704020> (7) cat 0x00
2017-09-01 13:49:37.262          ipc.c  		# cgpn <563720284> (9) cat 0x0a
2017-09-01 13:49:37.262          ipc.c  		# SDP len (284)
2017-09-01 13:49:37.270      ipc_msg.c !ipc_msg_parse: msg type = seize [1]
2017-09-01 13:49:37.270      ipc_msg.c  get_ie: ie [1][callref] size [2]
2017-09-01 13:49:37.271      ipc_msg.c  get_ie: ie [3][trunk-id] size [2]
2017-09-01 13:49:37.271      ipc_msg.c  get_ie: ie [35][hostname] size [12]
2017-09-01 13:49:37.271      ipc_msg.c  get_ie: ie [5][port] size [2]
2017-09-01 13:49:37.271      ipc_msg.c  get_ie: ie [8][cdpn] size [47]
2017-09-01 13:49:37.271      ipc_msg.c  get_ie: ie [10][cgpn] size [47]
2017-09-01 13:49:37.271      ipc_msg.c  get_ie: ie [14][sdp] size [284]
2017-09-01 13:49:37.271          ipc.c  ipc_process: msg ptr = 0x1eb4f0. type [1]
2017-09-01 13:49:37.271         call.c  call_seize: call 0407. try acquire. dest: <10.32.255.22:5060>
2017-09-01 13:49:37.271         call.c  call_seize: call 0407. sdp [284] <0x2771e0>
2017-09-01 13:49:37.271         call.c  call_seize: call 0407. try make call
2017-09-01 13:49:37.271         call.c  call_seize: call 0407. Encapsulate ISUP: 'NO'
2017-09-01 13:49:37.271         call.c  call_replace_sdp_ip: call 0407. Replace sdp ip by 10.37.0.36
2017-09-01 13:49:37.271    dlg0x306a5c  UAC dialog created
2017-09-01 13:49:37.271         call.c  make_call: call 0407.

R-URI   <sip:3704020@10.32.255.22:5060>
From    "563720284" <sip:563720284@10.37.0.36:5060;user=phone>
To      <sip:3704020@10.32.255.22:5060>
Contact <sip:563720284@10.37.0.36:5060>

2017-09-01 13:49:37.271         call.c  make_call: call 0407. sdp [284] <0x277b24> 

v=0
o=mgapp 601564725 1855671518 IN IP4 10.37.0.36
s=-
c=IN IP4 10.37.0.36
t=0 0
m=audio 20014 RTP/AVP 8 0 18 101
a=rtpmap:8 PCMA/8000
a=rtpmap:0 PCMU/8000
a=rtpmap:18 G729/8000
a=fmtp:18 annexb=no
a=rtpmap:101 telephone-event/8000
a=fmtp:101 0-15
a=ptime:30
a=sendrecv

2017-09-01 13:49:37.271    dlg0x306a5c  Module mod-invite added as dialog usage, data=0x278b74
2017-09-01 13:49:37.272    dlg0x306a5c  Session count inc to 2 by mod-invite
2017-09-01 13:49:37.272    dlg0x306a5c  Module mod-100rel added as dialog usage, data=0x307db4
2017-09-01 13:49:37.272    dlg0x306a5c  100rel module attached
2017-09-01 13:49:37.272    inv0x306a5c  UAC invite session created for dialog dlg0x306a5c
2017-09-01 13:49:37.272       endpoint  Request msg INVITE/cseq=30333 (tdta0x307e20) created.
2017-09-01 13:49:37.272         call.c  make_call: call 0407. call <0x404a9be4> inv <0x278b74> dlg <0x306a5c>
2017-09-01 13:49:37.272    inv0x306a5c  Sending Request msg INVITE/cseq=30333 (tdta0x307e20)
2017-09-01 13:49:37.272    dlg0x306a5c  Sending Request msg INVITE/cseq=30333 (tdta0x307e20)
2017-09-01 13:49:37.272    tsx0x309e34  Transaction created for Request msg INVITE/cseq=30332 (tdta0x307e20)
2017-09-01 13:49:37.272    tsx0x309e34  Sending Request msg INVITE/cseq=30332 (tdta0x307e20) in state Null
2017-09-01 13:49:37.272  sip_resolve.c  Target '10.32.255.22:5060' type=Unspecified resolved to '10.32.255.22:5060' type=UDP (UDP transport)
2017-09-01 13:49:37.272    tsx0x309e34  State changed from Null to Calling, event=TX_MSG
2017-09-01 13:49:37.273    dlg0x306a5c  Transaction tsx0x309e34 state changed to Calling
2017-09-01 13:49:37.273         call.c  call_on_state_changed: call 0407. changed to CALLING state with event TSX_STATE
2017-09-01 13:49:37.273         call.c  call_on_tsx_state_changed: call 0407. tsx 'tsx0x309e34', role UAC, method INVITE, event TX_MSG, tsx-state: Calling
2017-09-01 13:49:37.273         call.c  call_on_tsx_state_changed: call 0407. INVITE UAC. status code [0]
2017-09-01 13:49:37.273         call.c  call_on_tsx_state_changed: call 0407. Unsupported status code 0 for not-answered call
2017-09-01 13:49:37.275 sip_endpoint.c  Processing incoming message: Response msg 100/INVITE/cseq=30332 (rdata0x3111c4)
2017-09-01 13:49:37.276    tsx0x309e34  Incoming Response msg 100/INVITE/cseq=30332 (rdata0x3111c4) in state Calling
2017-09-01 13:49:37.276    tsx0x309e34  State changed from Calling to Proceeding, event=RX_MSG
2017-09-01 13:49:37.276    dlg0x306a5c  Received Response msg 100/INVITE/cseq=30332 (rdata0x3111c4)
2017-09-01 13:49:37.276    dlg0x306a5c  Transaction tsx0x309e34 state changed to Proceeding
2017-09-01 13:49:37.276         call.c  call_on_tsx_state_changed: call 0407. tsx 'tsx0x309e34', role UAC, method INVITE, event RX_MSG, tsx-state: Proceeding
2017-09-01 13:49:37.276         call.c  call_check_isup: call 0407. checking for ISUP presence
2017-09-01 13:49:37.276         call.c  call_check_isup: call 0407. ISUP message not found
2017-09-01 13:49:37.276         call.c  call_on_tsx_state_changed: call 0407. INVITE UAC. status code [100]
2017-09-01 13:49:37.276         call.c  call_on_tsx_state_changed: call 0407. Unsupported status code 100 for not-answered call
2017-09-01 13:49:37.293 sip_endpoint.c !Processing incoming message: Response msg 403/INVITE/cseq=30332 (rdata0x30c73c)
2017-09-01 13:49:37.294    tsx0x309e34  Incoming Response msg 403/INVITE/cseq=30332 (rdata0x30c73c) in state Proceeding
2017-09-01 13:49:37.294       endpoint  Request msg ACK/cseq=30332 (tdta0x30e670) created.
2017-09-01 13:49:37.294    tsx0x309e34  State changed from Proceeding to Completed, event=RX_MSG
2017-09-01 13:49:37.294    dlg0x306a5c  Received Response msg 403/INVITE/cseq=30332 (rdata0x30c73c)
2017-09-01 13:49:37.294    dlg0x306a5c  Transaction tsx0x309e34 state changed to Completed
2017-09-01 13:49:37.294         call.c  call_on_state_changed: call 0407. changed to DISCONNCTD state with event TSX_STATE
2017-09-01 13:49:37.294         call.c  call_state_disconnected: call 0407. Disconnected. Event type TSX_STATE with response 403
2017-09-01 13:49:37.294         call.c  call_check_isup: call 0407. checking for ISUP presence
2017-09-01 13:49:37.294         call.c  call_check_isup: call 0407. ISUP message not found
2017-09-01 13:49:37.294          ipc.c  pbx-ipc SIP: TX (011)
2017-09-01 13:49:37.294          ipc.c  		 06 01 02 00 07 04 10 02 00 93 01                ...........
2017-09-01 13:49:37.294          ipc.c  PBXIPC-SIP. TX. rel-req 
2017-09-01 13:49:37.294          ipc.c  		# callref 0407
2017-09-01 13:49:37.294          ipc.c  		# cause 403
2017-09-01 13:49:37.295    dlg0x306a5c  Session count dec to 1 by mod-invite
2017-09-01 13:49:37.295         call.c  call_on_tsx_state_changed: inv <0x278b74>, mod-data <(nil)>
2017-09-01 13:49:37.295   tdta0x307e20  Destroying txdata Request msg INVITE/cseq=30332 (tdta0x307e20)
2017-09-01 13:49:37.295          ipc.c !pbx-ipc SIP: RX (016)
2017-09-01 13:49:37.295          ipc.c  		 07 01 02 00 07 04 29 02 00 15 00 10 02 00 93 01 ......).........
2017-09-01 13:49:37.295          ipc.c  PBXIPC-SIP. RX. rel-cplt 
2017-09-01 13:49:37.295          ipc.c  		# callref 0407
2017-09-01 13:49:37.295          ipc.c  		# q850-cause 21
2017-09-01 13:49:37.295          ipc.c  		# cause 403
2017-09-01 13:49:37.305      ipc_msg.c !ipc_msg_parse: msg type = rel-cplt [7]
2017-09-01 13:49:37.305      ipc_msg.c  get_ie: ie [1][callref] size [2]
2017-09-01 13:49:37.305      ipc_msg.c  get_ie: ie [41][q850-cause] size [2]
2017-09-01 13:49:37.305      ipc_msg.c  get_ie: ie [16][cause] size [2]
2017-09-01 13:49:37.305          ipc.c  ipc_process: msg ptr = 0x1eb4f0. type [7]
2017-09-01 13:49:37.305         call.c  call_release_complete: call 0407. release complete req w/cause 403
2017-09-01 13:49:39.542          ipc.c !pbx-ipc SIP: RX (005)
2017-09-01 13:49:39.542          ipc.c  		 15 24 01 00 00                                  .$...
2017-09-01 13:49:39.542          ipc.c  PBXIPC-SIP. RX. trace 
2017-09-01 13:49:39.542          ipc.c  		# trace-level [0]
2017-09-01 13:49:39.561      ipc_msg.c !ipc_msg_parse: msg type = trace [21]
2017-09-01 13:49:39.561      ipc_msg.c  get_ie: ie [36][trace-level] size [1]
2017-09-01 13:49:39.561          ipc.c  ipc_process: msg ptr = 0x1eb4f0. type [21]
2017-09-01 13:49:39.572          app.c  set log_level 0
