2017-08-31 16:41:48.164          app.c !Eltex pa_sip 3.1.6.67. Log started
2017-08-31 16:41:48.164          app.c  set log_level 5
2017-08-31 16:41:48.164          ipc.c  pbx-ipc SIP: TX (005)
2017-08-31 16:41:48.164          ipc.c  		 15 24 01 00 05                                  .$...
2017-08-31 16:41:48.164          ipc.c  PBXIPC-SIP. TX. trace 
2017-08-31 16:41:48.164          ipc.c  		# trace-level [5]
2017-08-31 16:41:59.705          ipc.c !pbx-ipc SIP: RX (419)
2017-08-31 16:41:59.705          ipc.c  		 01 01 02 00 17 04 03 02 00 01 00 23 0C 00 31 30 ...........#..10
2017-08-31 16:41:59.705          ipc.c  		 2E 33 32 2E 32 35 35 2E 32 32 05 02 00 C4 13 08 .32.255.22......
2017-08-31 16:41:59.705          ipc.c  		 2F 00 01 01 00 00 02 00 00 00 00 00 00 07 00 00 /...............
2017-08-31 16:41:59.705          ipc.c  		 00 33 37 30 34 30 32 30 00 00 00 00 00 00 00 00 .3704020........
2017-08-31 16:41:59.705          ipc.c  		 00 00 00 00 00 00 00 00 00 00 00 00 00 00 00 00 ................
2017-08-31 16:41:59.705          ipc.c  		 00 0A 2F 00 01 00 03 0A 02 00 00 00 00 00 00 05 ../.............
2017-08-31 16:41:59.705          ipc.c  		 00 00 00 35 36 32 38 34 00 00 00 00 00 00 00 00 ...56284........
2017-08-31 16:41:59.705          ipc.c  		 00 00 00 00 00 00 00 00 00 00 00 00 00 00 00 00 ................
2017-08-31 16:41:59.705          ipc.c  		 00 00 00 0E 1D 01 76 3D 30 0D 0A 6F 3D 6D 67 61 ......v=0..o=mga
2017-08-31 16:41:59.705          ipc.c  		 70 70 20 31 33 37 31 36 39 33 34 32 35 20 31 35 pp 1371693425 15
2017-08-31 16:41:59.705          ipc.c  		 36 38 30 32 30 30 38 34 20 49 4E 20 49 50 34 20 68020084 IN IP4 
2017-08-31 16:41:59.705          ipc.c  		 31 30 2E 33 37 2E 30 2E 33 36 0D 0A 73 3D 2D 0D 10.37.0.36..s=-.
2017-08-31 16:41:59.705          ipc.c  		 0A 63 3D 49 4E 20 49 50 34 20 31 30 2E 33 37 2E .c=IN IP4 10.37.
2017-08-31 16:41:59.705          ipc.c  		 30 2E 33 36 0D 0A 74 3D 30 20 30 0D 0A 6D 3D 61 0.36..t=0 0..m=a
2017-08-31 16:41:59.705          ipc.c  		 75 64 69 6F 20 32 30 30 32 34 20 52 54 50 2F 41 udio 20024 RTP/A
2017-08-31 16:41:59.705          ipc.c  		 56 50 20 38 20 30 20 31 38 20 31 30 31 0D 0A 61 VP 8 0 18 101..a
2017-08-31 16:41:59.705          ipc.c  		 3D 72 74 70 6D 61 70 3A 38 20 50 43 4D 41 2F 38 =rtpmap:8 PCMA/8
2017-08-31 16:41:59.705          ipc.c  		 30 30 30 0D 0A 61 3D 72 74 70 6D 61 70 3A 30 20 000..a=rtpmap:0 
2017-08-31 16:41:59.705          ipc.c  		 50 43 4D 55 2F 38 30 30 30 0D 0A 61 3D 72 74 70 PCMU/8000..a=rtp
2017-08-31 16:41:59.705          ipc.c  		 6D 61 70 3A 31 38 20 47 37 32 39 2F 38 30 30 30 map:18 G729/8000
2017-08-31 16:41:59.705          ipc.c  		 0D 0A 61 3D 66 6D 74 70 3A 31 38 20 61 6E 6E 65 ..a=fmtp:18 anne
2017-08-31 16:41:59.705          ipc.c  		 78 62 3D 6E 6F 0D 0A 61 3D 72 74 70 6D 61 70 3A xb=no..a=rtpmap:
2017-08-31 16:41:59.705          ipc.c  		 31 30 31 20 74 65 6C 65 70 68 6F 6E 65 2D 65 76 101 telephone-ev
2017-08-31 16:41:59.706          ipc.c  		 65 6E 74 2F 38 30 30 30 0D 0A 61 3D 66 6D 74 70 ent/8000..a=fmtp
2017-08-31 16:41:59.706          ipc.c  		 3A 31 30 31 20 30 2D 31 35 0D 0A 61 3D 70 74 69 :101 0-15..a=pti
2017-08-31 16:41:59.706          ipc.c  		 6D 65 3A 33 30 0D 0A 61 3D 73 65 6E 64 72 65 63 me:30..a=sendrec
2017-08-31 16:41:59.706          ipc.c  		 76 0D 0A                                        v..
2017-08-31 16:41:59.706          ipc.c  PBXIPC-SIP. RX. seize 
2017-08-31 16:41:59.706          ipc.c  		# callref 0417
2017-08-31 16:41:59.706          ipc.c  		# trunkID 01
2017-08-31 16:41:59.706          ipc.c  		# Hostname '10.32.255.22'
2017-08-31 16:41:59.706          ipc.c  		# port 5060
2017-08-31 16:41:59.706          ipc.c  		# cdpn <3704020> (7) cat 0x00
2017-08-31 16:41:59.706          ipc.c  		# cgpn <56284> (5) cat 0x0a
2017-08-31 16:41:59.706          ipc.c  		# SDP len (285)
2017-08-31 16:41:59.708      ipc_msg.c !ipc_msg_parse: msg type = seize [1]
2017-08-31 16:41:59.709      ipc_msg.c  get_ie: ie [1][callref] size [2]
2017-08-31 16:41:59.709      ipc_msg.c  get_ie: ie [3][trunk-id] size [2]
2017-08-31 16:41:59.709      ipc_msg.c  get_ie: ie [35][hostname] size [12]
2017-08-31 16:41:59.709      ipc_msg.c  get_ie: ie [5][port] size [2]
2017-08-31 16:41:59.709      ipc_msg.c  get_ie: ie [8][cdpn] size [47]
2017-08-31 16:41:59.709      ipc_msg.c  get_ie: ie [10][cgpn] size [47]
2017-08-31 16:41:59.709      ipc_msg.c  get_ie: ie [14][sdp] size [285]
2017-08-31 16:41:59.709          ipc.c  ipc_process: msg ptr = 0x3032f0. type [1]
2017-08-31 16:41:59.709         call.c  call_seize: call 0417. try acquire. dest: <10.32.255.22:5060>
2017-08-31 16:41:59.709         call.c  call_seize: call 0417. sdp [285] <0x3020c8>
2017-08-31 16:41:59.709         call.c  call_number_check_int: call 0417. Number '56284' type is 'international' - adding '+'
2017-08-31 16:41:59.709         call.c  call_seize: call 0417. try make call
2017-08-31 16:41:59.709         call.c  call_seize: call 0417. Encapsulate ISUP: 'NO'
2017-08-31 16:41:59.709         call.c  call_replace_sdp_ip: call 0417. Replace sdp ip by 10.37.0.36
2017-08-31 16:41:59.709    dlg0x275d9c  UAC dialog created
2017-08-31 16:41:59.709         call.c  make_call: call 0417.

R-URI   <sip:3704020@10.32.255.22:5060>
From    "56284" <sip:+56284@10.37.0.36:5060;user=phone>
To      <sip:3704020@10.32.255.22:5060>
Contact <sip:+56284@10.37.0.36:5060>

2017-08-31 16:41:59.710         call.c  make_call: call 0417. sdp [294] <0x274d44> 

v=0
o=mgapp 1371693425 1568020084 IN IP4 10.37.0.36
s=-
c=IN IP4 10.37.0.36
t=0 0
m=audio 20024 RTP/AVP 8 0 18 101
a=rtpmap:8 PCMA/8000
a=rtpmap:0 PCMU/8000
a=rtpmap:18 G729/8000
a=fmtp:18 annexb=no
a=rtpmap:101 telephone-event/8000
a=fmtp:101 0-15
a=ptime:30
a=sendrecv
¨ÿÿ)¨ÿÿ;I
2017-08-31 16:41:59.710    dlg0x275d9c  Module mod-invite added as dialog usage, data=0x27659c
2017-08-31 16:41:59.710    dlg0x275d9c  Session count inc to 2 by mod-invite
2017-08-31 16:41:59.710    dlg0x275d9c  Module mod-100rel added as dialog usage, data=0x3090e4
2017-08-31 16:41:59.710    dlg0x275d9c  100rel module attached
2017-08-31 16:41:59.710    inv0x275d9c  UAC invite session created for dialog dlg0x275d9c
2017-08-31 16:41:59.710       endpoint  Request msg INVITE/cseq=2369 (tdta0x309150) created.
2017-08-31 16:41:59.710         call.c  make_call: call 0417. call <0x40506b64> inv <0x27659c> dlg <0x275d9c>
2017-08-31 16:41:59.710    inv0x275d9c  Sending Request msg INVITE/cseq=2369 (tdta0x309150)
2017-08-31 16:41:59.710    dlg0x275d9c  Sending Request msg INVITE/cseq=2369 (tdta0x309150)
2017-08-31 16:41:59.710    tsx0x30b164  Transaction created for Request msg INVITE/cseq=2368 (tdta0x309150)
2017-08-31 16:41:59.710    tsx0x30b164  Sending Request msg INVITE/cseq=2368 (tdta0x309150) in state Null
2017-08-31 16:41:59.710  sip_resolve.c  Target '10.32.255.22:5060' type=Unspecified resolved to '10.32.255.22:5060' type=UDP (UDP transport)
2017-08-31 16:41:59.711    tsx0x30b164  State changed from Null to Calling, event=TX_MSG
2017-08-31 16:41:59.711    dlg0x275d9c  Transaction tsx0x30b164 state changed to Calling
2017-08-31 16:41:59.711         call.c  call_on_state_changed: call 0417. changed to CALLING state with event TSX_STATE
2017-08-31 16:41:59.711         call.c  call_on_tsx_state_changed: call 0417. tsx 'tsx0x30b164', role UAC, method INVITE, event TX_MSG, tsx-state: Calling
2017-08-31 16:41:59.711         call.c  call_on_tsx_state_changed: call 0417. INVITE UAC. status code [0]
2017-08-31 16:41:59.711         call.c  call_on_tsx_state_changed: call 0417. Unsupported status code 0 for not-answered call
2017-08-31 16:41:59.713 sip_endpoint.c !Processing incoming message: Response msg 100/INVITE/cseq=2368 (rdata0x30de6c)
2017-08-31 16:41:59.713    tsx0x30b164  Incoming Response msg 100/INVITE/cseq=2368 (rdata0x30de6c) in state Calling
2017-08-31 16:41:59.713    tsx0x30b164  State changed from Calling to Proceeding, event=RX_MSG
2017-08-31 16:41:59.713    dlg0x275d9c  Received Response msg 100/INVITE/cseq=2368 (rdata0x30de6c)
2017-08-31 16:41:59.713    dlg0x275d9c  Transaction tsx0x30b164 state changed to Proceeding
2017-08-31 16:41:59.713         call.c  call_on_tsx_state_changed: call 0417. tsx 'tsx0x30b164', role UAC, method INVITE, event RX_MSG, tsx-state: Proceeding
2017-08-31 16:41:59.713         call.c  call_check_isup: call 0417. checking for ISUP presence
2017-08-31 16:41:59.713         call.c  call_check_isup: call 0417. ISUP message not found
2017-08-31 16:41:59.713         call.c  call_on_tsx_state_changed: call 0417. INVITE UAC. status code [100]
2017-08-31 16:41:59.713         call.c  call_on_tsx_state_changed: call 0417. Unsupported status code 100 for not-answered call
2017-08-31 16:41:59.729 sip_endpoint.c !Processing incoming message: Response msg 403/INVITE/cseq=2368 (rdata0x30da6c)
2017-08-31 16:41:59.729    tsx0x30b164  Incoming Response msg 403/INVITE/cseq=2368 (rdata0x30da6c) in state Proceeding
2017-08-31 16:41:59.729       endpoint  Request msg ACK/cseq=2368 (tdta0x30f9a0) created.
2017-08-31 16:41:59.729    tsx0x30b164  State changed from Proceeding to Completed, event=RX_MSG
2017-08-31 16:41:59.729    dlg0x275d9c  Received Response msg 403/INVITE/cseq=2368 (rdata0x30da6c)
2017-08-31 16:41:59.729    dlg0x275d9c  Transaction tsx0x30b164 state changed to Completed
2017-08-31 16:41:59.729         call.c  call_on_state_changed: call 0417. changed to DISCONNCTD state with event TSX_STATE
2017-08-31 16:41:59.729         call.c  call_state_disconnected: call 0417. Disconnected. Event type TSX_STATE with response 403
2017-08-31 16:41:59.729         call.c  call_check_isup: call 0417. checking for ISUP presence
2017-08-31 16:41:59.729         call.c  call_check_isup: call 0417. ISUP message not found
2017-08-31 16:41:59.729          ipc.c  pbx-ipc SIP: TX (011)
2017-08-31 16:41:59.729          ipc.c  		 06 01 02 00 17 04 10 02 00 93 01                ...........
2017-08-31 16:41:59.729          ipc.c  PBXIPC-SIP. TX. rel-req 
2017-08-31 16:41:59.729          ipc.c  		# callref 0417
2017-08-31 16:41:59.729          ipc.c  		# cause 403
2017-08-31 16:41:59.730    dlg0x275d9c  Session count dec to 1 by mod-invite
2017-08-31 16:41:59.730         call.c  call_on_tsx_state_changed: inv <0x27659c>, mod-data <(nil)>
2017-08-31 16:41:59.730   tdta0x309150  Destroying txdata Request msg INVITE/cseq=2368 (tdta0x309150)
2017-08-31 16:41:59.730          ipc.c !pbx-ipc SIP: RX (016)
2017-08-31 16:41:59.730          ipc.c  		 07 01 02 00 17 04 29 02 00 15 00 10 02 00 93 01 ......).........
2017-08-31 16:41:59.730          ipc.c  PBXIPC-SIP. RX. rel-cplt 
2017-08-31 16:41:59.730          ipc.c  		# callref 0417
2017-08-31 16:41:59.730          ipc.c  		# q850-cause 21
2017-08-31 16:41:59.730          ipc.c  		# cause 403
2017-08-31 16:41:59.731      ipc_msg.c !ipc_msg_parse: msg type = rel-cplt [7]
2017-08-31 16:41:59.731      ipc_msg.c  get_ie: ie [1][callref] size [2]
2017-08-31 16:41:59.732      ipc_msg.c  get_ie: ie [41][q850-cause] size [2]
2017-08-31 16:41:59.732      ipc_msg.c  get_ie: ie [16][cause] size [2]
2017-08-31 16:41:59.732          ipc.c  ipc_process: msg ptr = 0x3032f0. type [7]
2017-08-31 16:41:59.732         call.c  call_release_complete: call 0417. release complete req w/cause 403
2017-08-31 16:42:00.958          ipc.c !pbx-ipc SIP: RX (005)
2017-08-31 16:42:00.958          ipc.c  		 15 24 01 00 00                                  .$...
2017-08-31 16:42:00.958          ipc.c  PBXIPC-SIP. RX. trace 
2017-08-31 16:42:00.958          ipc.c  		# trace-level [0]
2017-08-31 16:42:00.965      ipc_msg.c !ipc_msg_parse: msg type = trace [21]
2017-08-31 16:42:00.965      ipc_msg.c  get_ie: ie [36][trace-level] size [1]
2017-08-31 16:42:00.965          ipc.c  ipc_process: msg ptr = 0x3032f0. type [21]
2017-08-31 16:42:00.966          app.c  set log_level 0
